{"D:\\code\\github\\sojs\\tool\\unit.js":{"path":"D:\\code\\github\\sojs\\tool\\unit.js","s":{"1":1,"2":1,"3":1,"4":6,"5":5,"6":1,"7":1,"8":0},"b":{},"f":{"1":6,"2":5,"3":1,"4":0},"fnMap":{"1":{"name":"(anonymous_1)","line":12,"loc":{"start":{"line":12,"column":35},"end":{"line":12,"column":49}}},"2":{"name":"(anonymous_2)","line":17,"loc":{"start":{"line":17,"column":11},"end":{"line":17,"column":25}}},"3":{"name":"(anonymous_3)","line":25,"loc":{"start":{"line":25,"column":10},"end":{"line":25,"column":28}}},"4":{"name":"(anonymous_4)","line":26,"loc":{"start":{"line":26,"column":21},"end":{"line":26,"column":33}}}},"statementMap":{"1":{"start":{"line":1,"column":0},"end":{"line":3,"column":27}},"2":{"start":{"line":6,"column":0},"end":{"line":6,"column":24}},"3":{"start":{"line":12,"column":0},"end":{"line":22,"column":3}},"4":{"start":{"line":14,"column":4},"end":{"line":14,"column":42}},"5":{"start":{"line":19,"column":4},"end":{"line":21,"column":6}},"6":{"start":{"line":25,"column":0},"end":{"line":29,"column":3}},"7":{"start":{"line":26,"column":2},"end":{"line":28,"column":5}},"8":{"start":{"line":27,"column":4},"end":{"line":27,"column":27}}},"branchMap":{}},"D:\\code\\github\\sojs\\src\\sojs.js":{"path":"D:\\code\\github\\sojs\\src\\sojs.js","s":{"1":2,"2":2,"3":2,"4":2,"5":1,"6":1,"7":1,"8":1,"9":2,"10":2,"11":2,"12":2,"13":2,"14":2,"15":2,"16":2,"17":1,"18":2,"19":2,"20":24,"21":24,"22":24,"23":23,"24":42,"25":42,"26":22,"27":20,"28":24,"29":14,"30":14,"31":5,"32":5,"33":5,"34":5,"35":9,"36":2,"37":7,"38":7,"39":12,"40":12,"41":12,"42":9,"43":9,"44":10,"45":10,"46":10,"47":10,"48":10,"49":6,"50":10,"51":10,"52":40,"53":40,"54":40,"55":40,"56":40,"57":13,"58":13,"59":13,"60":2,"61":2,"62":1,"63":11,"64":11,"65":13,"66":1,"67":12,"68":12,"69":4,"70":3,"71":3,"72":1,"73":4,"74":2,"75":8,"76":1,"77":40,"78":1,"79":1,"80":1,"81":1,"82":44,"83":8,"84":44,"85":44,"86":44,"87":41,"88":1,"89":1,"90":40,"91":1,"92":1,"93":3,"94":39,"95":33,"96":33,"97":33,"98":33,"99":33,"100":6,"101":3,"102":44,"103":192,"104":192,"105":192,"106":192,"107":103,"108":103,"109":194,"110":194,"111":194,"112":194,"113":194,"114":212,"115":203,"116":9,"117":9,"118":194,"119":4,"120":4,"121":3,"122":3,"123":1,"124":1,"125":1,"126":2,"127":1,"128":4,"129":183,"130":56,"131":183,"132":183,"133":90,"134":90,"135":90,"136":4,"137":4,"138":1,"139":86,"140":1,"141":1,"142":1,"143":89,"144":89,"145":41,"146":41,"147":41,"148":34,"149":7,"150":7,"151":7,"152":4,"153":7,"154":4,"155":41,"156":41,"157":41,"158":41,"159":41,"160":41,"161":41,"162":41,"163":41,"164":183,"165":3,"166":5,"167":5,"168":183,"169":41,"170":41,"171":41,"172":37,"173":37,"174":596,"175":596,"176":596,"177":19,"178":37,"179":37,"180":41,"181":37,"182":37,"183":41,"184":41,"185":41,"186":41,"187":41,"188":86,"189":86,"190":74,"191":74,"192":41,"193":41,"194":41,"195":41,"196":39,"197":35,"198":2,"199":2,"200":39,"201":39,"202":39,"203":39,"204":39,"205":2,"206":2,"207":1,"208":1,"209":37,"210":40,"211":15,"212":40,"213":40,"214":2},"b":{"1":[1,1],"2":[2,1,1,1],"3":[1,1],"4":[2,0],"5":[2,0],"6":[2,2],"7":[1,1],"8":[2,2],"9":[23,1],"10":[23,1],"11":[22,20],"12":[5,9],"13":[5,0],"14":[5,5],"15":[2,7],"16":[12,5],"17":[10,0],"18":[6,4],"19":[10,10],"20":[40,39],"21":[13,0],"22":[13,13],"23":[2,11],"24":[1,1],"25":[2,2],"26":[1,12],"27":[13,12],"28":[4,8],"29":[3,1],"30":[2,2],"31":[1,7],"32":[8,36],"33":[41,3],"34":[1,40],"35":[1,39],"36":[33,6],"37":[33,0],"38":[33,159],"39":[194,0],"40":[203,9],"41":[212,210],"42":[3,1],"43":[1,2],"44":[56,127],"45":[90,0],"46":[4,86],"47":[1,85],"48":[86,86],"49":[34,7],"50":[7,27],"51":[34,29],"52":[4,3],"53":[7,5,4],"54":[4,3],"55":[7,5],"56":[41,1],"57":[41,12],"58":[29,12],"59":[3,180],"60":[183,183],"61":[41,36],"62":[41,32],"63":[596,0],"64":[19,577],"65":[596,85,81,74,29,14],"66":[74,12],"67":[74,16],"68":[41,34],"69":[39,2],"70":[41,5],"71":[35,4],"72":[39,5],"73":[2,0],"74":[2,2],"75":[2,37],"76":[2,1],"77":[1,1],"78":[2,1],"79":[15,25],"80":[40,34]},"f":{"1":2,"2":30,"3":2,"4":24,"5":14,"6":10,"7":40,"8":1,"9":1,"10":44,"11":192,"12":103,"13":194,"14":4,"15":183,"16":90,"17":41,"18":183,"19":37,"20":37},"fnMap":{"1":{"name":"(anonymous_1)","line":6,"loc":{"start":{"line":6,"column":1},"end":{"line":6,"column":13}}},"2":{"name":"(anonymous_2)","line":26,"loc":{"start":{"line":26,"column":14},"end":{"line":26,"column":26}}},"3":{"name":"(anonymous_3)","line":32,"loc":{"start":{"line":32,"column":15},"end":{"line":32,"column":27}}},"4":{"name":"(anonymous_4)","line":74,"loc":{"start":{"line":74,"column":17},"end":{"line":74,"column":38}}},"5":{"name":"(anonymous_5)","line":100,"loc":{"start":{"line":100,"column":17},"end":{"line":100,"column":44}}},"6":{"name":"(anonymous_6)","line":137,"loc":{"start":{"line":137,"column":22},"end":{"line":137,"column":38}}},"7":{"name":"(anonymous_7)","line":159,"loc":{"start":{"line":159,"column":18},"end":{"line":159,"column":49}}},"8":{"name":"(anonymous_8)","line":222,"loc":{"start":{"line":222,"column":19},"end":{"line":222,"column":37}}},"9":{"name":"(anonymous_9)","line":223,"loc":{"start":{"line":223,"column":23},"end":{"line":223,"column":35}}},"10":{"name":"(anonymous_10)","line":237,"loc":{"start":{"line":237,"column":19},"end":{"line":237,"column":44}}},"11":{"name":"(anonymous_11)","line":285,"loc":{"start":{"line":285,"column":15},"end":{"line":285,"column":42}}},"12":{"name":"(anonymous_12)","line":289,"loc":{"start":{"line":289,"column":19},"end":{"line":289,"column":31}}},"13":{"name":"(anonymous_13)","line":301,"loc":{"start":{"line":301,"column":14},"end":{"line":301,"column":30}}},"14":{"name":"(anonymous_14)","line":325,"loc":{"start":{"line":325,"column":16},"end":{"line":325,"column":32}}},"15":{"name":"(anonymous_15)","line":355,"loc":{"start":{"line":355,"column":16},"end":{"line":355,"column":56}}},"16":{"name":"(anonymous_16)","line":372,"loc":{"start":{"line":372,"column":15},"end":{"line":372,"column":31}}},"17":{"name":"(anonymous_17)","line":408,"loc":{"start":{"line":408,"column":16},"end":{"line":408,"column":36}}},"18":{"name":"(anonymous_18)","line":441,"loc":{"start":{"line":441,"column":37},"end":{"line":441,"column":67}}},"19":{"name":"(anonymous_19)","line":456,"loc":{"start":{"line":456,"column":38},"end":{"line":456,"column":50}}},"20":{"name":"(anonymous_20)","line":476,"loc":{"start":{"line":476,"column":32},"end":{"line":476,"column":44}}}},"statementMap":{"1":{"start":{"line":6,"column":0},"end":{"line":553,"column":5}},"2":{"start":{"line":9,"column":4},"end":{"line":549,"column":6}},"3":{"start":{"line":34,"column":12},"end":{"line":34,"column":28}},"4":{"start":{"line":37,"column":12},"end":{"line":44,"column":13}},"5":{"start":{"line":38,"column":16},"end":{"line":38,"column":41}},"6":{"start":{"line":39,"column":16},"end":{"line":39,"column":39}},"7":{"start":{"line":42,"column":16},"end":{"line":42,"column":38}},"8":{"start":{"line":43,"column":16},"end":{"line":43,"column":39}},"9":{"start":{"line":46,"column":12},"end":{"line":46,"column":39}},"10":{"start":{"line":48,"column":12},"end":{"line":48,"column":86}},"11":{"start":{"line":51,"column":12},"end":{"line":57,"column":13}},"12":{"start":{"line":52,"column":16},"end":{"line":56,"column":17}},"13":{"start":{"line":53,"column":20},"end":{"line":55,"column":21}},"14":{"start":{"line":54,"column":24},"end":{"line":54,"column":56}},"15":{"start":{"line":60,"column":12},"end":{"line":60,"column":40}},"16":{"start":{"line":61,"column":12},"end":{"line":63,"column":13}},"17":{"start":{"line":62,"column":16},"end":{"line":62,"column":66}},"18":{"start":{"line":64,"column":12},"end":{"line":64,"column":38}},"19":{"start":{"line":65,"column":12},"end":{"line":65,"column":56}},"20":{"start":{"line":75,"column":12},"end":{"line":75,"column":74}},"21":{"start":{"line":76,"column":12},"end":{"line":76,"column":33}},"22":{"start":{"line":77,"column":12},"end":{"line":87,"column":13}},"23":{"start":{"line":78,"column":16},"end":{"line":86,"column":17}},"24":{"start":{"line":79,"column":20},"end":{"line":79,"column":70}},"25":{"start":{"line":80,"column":20},"end":{"line":85,"column":21}},"26":{"start":{"line":81,"column":24},"end":{"line":81,"column":49}},"27":{"start":{"line":84,"column":24},"end":{"line":84,"column":30}},"28":{"start":{"line":88,"column":12},"end":{"line":88,"column":34}},"29":{"start":{"line":101,"column":12},"end":{"line":101,"column":33}},"30":{"start":{"line":102,"column":12},"end":{"line":110,"column":13}},"31":{"start":{"line":104,"column":16},"end":{"line":108,"column":17}},"32":{"start":{"line":105,"column":20},"end":{"line":107,"column":21}},"33":{"start":{"line":106,"column":24},"end":{"line":106,"column":58}},"34":{"start":{"line":109,"column":16},"end":{"line":109,"column":23}},"35":{"start":{"line":111,"column":12},"end":{"line":125,"column":13}},"36":{"start":{"line":113,"column":16},"end":{"line":113,"column":33}},"37":{"start":{"line":117,"column":16},"end":{"line":117,"column":58}},"38":{"start":{"line":118,"column":16},"end":{"line":124,"column":17}},"39":{"start":{"line":119,"column":20},"end":{"line":119,"column":70}},"40":{"start":{"line":120,"column":20},"end":{"line":122,"column":22}},"41":{"start":{"line":123,"column":20},"end":{"line":123,"column":45}},"42":{"start":{"line":127,"column":12},"end":{"line":127,"column":34}},"43":{"start":{"line":128,"column":12},"end":{"line":128,"column":32}},"44":{"start":{"line":138,"column":12},"end":{"line":148,"column":13}},"45":{"start":{"line":139,"column":16},"end":{"line":139,"column":94}},"46":{"start":{"line":141,"column":16},"end":{"line":141,"column":50}},"47":{"start":{"line":143,"column":16},"end":{"line":143,"column":56}},"48":{"start":{"line":144,"column":16},"end":{"line":146,"column":17}},"49":{"start":{"line":145,"column":20},"end":{"line":145,"column":46}},"50":{"start":{"line":147,"column":16},"end":{"line":147,"column":84}},"51":{"start":{"line":149,"column":12},"end":{"line":149,"column":40}},"52":{"start":{"line":160,"column":12},"end":{"line":160,"column":40}},"53":{"start":{"line":161,"column":12},"end":{"line":161,"column":39}},"54":{"start":{"line":162,"column":12},"end":{"line":162,"column":49}},"55":{"start":{"line":163,"column":12},"end":{"line":163,"column":33}},"56":{"start":{"line":164,"column":12},"end":{"line":212,"column":13}},"57":{"start":{"line":165,"column":16},"end":{"line":211,"column":17}},"58":{"start":{"line":166,"column":20},"end":{"line":166,"column":38}},"59":{"start":{"line":168,"column":20},"end":{"line":179,"column":21}},"60":{"start":{"line":169,"column":24},"end":{"line":169,"column":50}},"61":{"start":{"line":171,"column":24},"end":{"line":173,"column":25}},"62":{"start":{"line":172,"column":28},"end":{"line":172,"column":65}},"63":{"start":{"line":177,"column":24},"end":{"line":177,"column":50}},"64":{"start":{"line":178,"column":24},"end":{"line":178,"column":65}},"65":{"start":{"line":184,"column":20},"end":{"line":186,"column":21}},"66":{"start":{"line":185,"column":24},"end":{"line":185,"column":33}},"67":{"start":{"line":187,"column":20},"end":{"line":187,"column":52}},"68":{"start":{"line":189,"column":20},"end":{"line":210,"column":21}},"69":{"start":{"line":191,"column":24},"end":{"line":199,"column":25}},"70":{"start":{"line":193,"column":28},"end":{"line":198,"column":29}},"71":{"start":{"line":194,"column":32},"end":{"line":194,"column":90}},"72":{"start":{"line":197,"column":32},"end":{"line":197,"column":64}},"73":{"start":{"line":201,"column":24},"end":{"line":203,"column":25}},"74":{"start":{"line":202,"column":28},"end":{"line":202,"column":60}},"75":{"start":{"line":206,"column":24},"end":{"line":209,"column":25}},"76":{"start":{"line":208,"column":28},"end":{"line":208,"column":102}},"77":{"start":{"line":213,"column":12},"end":{"line":213,"column":31}},"78":{"start":{"line":223,"column":12},"end":{"line":224,"column":14}},"79":{"start":{"line":225,"column":12},"end":{"line":225,"column":36}},"80":{"start":{"line":226,"column":12},"end":{"line":226,"column":36}},"81":{"start":{"line":227,"column":12},"end":{"line":227,"column":26}},"82":{"start":{"line":238,"column":12},"end":{"line":240,"column":13}},"83":{"start":{"line":239,"column":16},"end":{"line":239,"column":27}},"84":{"start":{"line":241,"column":12},"end":{"line":241,"column":19}},"85":{"start":{"line":242,"column":12},"end":{"line":242,"column":38}},"86":{"start":{"line":243,"column":12},"end":{"line":274,"column":13}},"87":{"start":{"line":244,"column":16},"end":{"line":269,"column":17}},"88":{"start":{"line":246,"column":20},"end":{"line":246,"column":36}},"89":{"start":{"line":247,"column":20},"end":{"line":247,"column":49}},"90":{"start":{"line":249,"column":21},"end":{"line":269,"column":17}},"91":{"start":{"line":251,"column":20},"end":{"line":251,"column":28}},"92":{"start":{"line":252,"column":20},"end":{"line":254,"column":21}},"93":{"start":{"line":253,"column":24},"end":{"line":253,"column":69}},"94":{"start":{"line":256,"column":21},"end":{"line":269,"column":17}},"95":{"start":{"line":258,"column":20},"end":{"line":258,"column":28}},"96":{"start":{"line":259,"column":20},"end":{"line":264,"column":21}},"97":{"start":{"line":260,"column":24},"end":{"line":263,"column":25}},"98":{"start":{"line":261,"column":28},"end":{"line":261,"column":51}},"99":{"start":{"line":262,"column":28},"end":{"line":262,"column":70}},"100":{"start":{"line":268,"column":20},"end":{"line":268,"column":32}},"101":{"start":{"line":273,"column":16},"end":{"line":273,"column":28}},"102":{"start":{"line":275,"column":12},"end":{"line":275,"column":22}},"103":{"start":{"line":286,"column":12},"end":{"line":286,"column":66}},"104":{"start":{"line":287,"column":12},"end":{"line":287,"column":43}},"105":{"start":{"line":288,"column":12},"end":{"line":288,"column":82}},"106":{"start":{"line":289,"column":12},"end":{"line":292,"column":14}},"107":{"start":{"line":290,"column":16},"end":{"line":290,"column":70}},"108":{"start":{"line":291,"column":16},"end":{"line":291,"column":76}},"109":{"start":{"line":302,"column":12},"end":{"line":302,"column":49}},"110":{"start":{"line":303,"column":12},"end":{"line":315,"column":13}},"111":{"start":{"line":304,"column":16},"end":{"line":304,"column":48}},"112":{"start":{"line":305,"column":16},"end":{"line":305,"column":52}},"113":{"start":{"line":306,"column":16},"end":{"line":314,"column":17}},"114":{"start":{"line":307,"column":20},"end":{"line":313,"column":21}},"115":{"start":{"line":308,"column":24},"end":{"line":308,"column":54}},"116":{"start":{"line":311,"column":24},"end":{"line":311,"column":38}},"117":{"start":{"line":312,"column":24},"end":{"line":312,"column":30}},"118":{"start":{"line":316,"column":12},"end":{"line":316,"column":26}},"119":{"start":{"line":326,"column":12},"end":{"line":326,"column":41}},"120":{"start":{"line":327,"column":12},"end":{"line":340,"column":13}},"121":{"start":{"line":328,"column":16},"end":{"line":328,"column":36}},"122":{"start":{"line":329,"column":16},"end":{"line":336,"column":17}},"123":{"start":{"line":330,"column":20},"end":{"line":330,"column":60}},"124":{"start":{"line":331,"column":20},"end":{"line":331,"column":69}},"125":{"start":{"line":332,"column":20},"end":{"line":332,"column":48}},"126":{"start":{"line":335,"column":20},"end":{"line":335,"column":49}},"127":{"start":{"line":339,"column":16},"end":{"line":339,"column":42}},"128":{"start":{"line":341,"column":12},"end":{"line":341,"column":26}},"129":{"start":{"line":357,"column":12},"end":{"line":359,"column":13}},"130":{"start":{"line":358,"column":16},"end":{"line":358,"column":48}},"131":{"start":{"line":362,"column":12},"end":{"line":362,"column":72}},"132":{"start":{"line":363,"column":12},"end":{"line":363,"column":26}},"133":{"start":{"line":373,"column":12},"end":{"line":373,"column":41}},"134":{"start":{"line":375,"column":12},"end":{"line":398,"column":13}},"135":{"start":{"line":376,"column":16},"end":{"line":396,"column":17}},"136":{"start":{"line":378,"column":20},"end":{"line":383,"column":21}},"137":{"start":{"line":379,"column":24},"end":{"line":379,"column":57}},"138":{"start":{"line":382,"column":24},"end":{"line":382,"column":33}},"139":{"start":{"line":388,"column":20},"end":{"line":395,"column":21}},"140":{"start":{"line":389,"column":24},"end":{"line":394,"column":25}},"141":{"start":{"line":390,"column":28},"end":{"line":390,"column":61}},"142":{"start":{"line":393,"column":28},"end":{"line":393,"column":48}},"143":{"start":{"line":397,"column":16},"end":{"line":397,"column":41}},"144":{"start":{"line":399,"column":12},"end":{"line":399,"column":26}},"145":{"start":{"line":410,"column":12},"end":{"line":410,"column":21}},"146":{"start":{"line":411,"column":12},"end":{"line":411,"column":47}},"147":{"start":{"line":413,"column":12},"end":{"line":428,"column":13}},"148":{"start":{"line":416,"column":16},"end":{"line":427,"column":17}},"149":{"start":{"line":417,"column":20},"end":{"line":417,"column":76}},"150":{"start":{"line":418,"column":20},"end":{"line":418,"column":77}},"151":{"start":{"line":419,"column":20},"end":{"line":421,"column":21}},"152":{"start":{"line":420,"column":24},"end":{"line":420,"column":114}},"153":{"start":{"line":422,"column":20},"end":{"line":426,"column":21}},"154":{"start":{"line":423,"column":24},"end":{"line":425,"column":71}},"155":{"start":{"line":429,"column":12},"end":{"line":429,"column":49}},"156":{"start":{"line":430,"column":12},"end":{"line":430,"column":49}},"157":{"start":{"line":433,"column":12},"end":{"line":433,"column":35}},"158":{"start":{"line":434,"column":12},"end":{"line":434,"column":45}},"159":{"start":{"line":435,"column":12},"end":{"line":435,"column":83}},"160":{"start":{"line":436,"column":12},"end":{"line":436,"column":44}},"161":{"start":{"line":437,"column":12},"end":{"line":437,"column":35}},"162":{"start":{"line":439,"column":12},"end":{"line":439,"column":34}},"163":{"start":{"line":441,"column":12},"end":{"line":450,"column":14}},"164":{"start":{"line":443,"column":16},"end":{"line":448,"column":17}},"165":{"start":{"line":444,"column":20},"end":{"line":447,"column":21}},"166":{"start":{"line":445,"column":24},"end":{"line":445,"column":51}},"167":{"start":{"line":446,"column":24},"end":{"line":446,"column":69}},"168":{"start":{"line":449,"column":16},"end":{"line":449,"column":61}},"169":{"start":{"line":452,"column":12},"end":{"line":452,"column":71}},"170":{"start":{"line":454,"column":12},"end":{"line":454,"column":72}},"171":{"start":{"line":456,"column":12},"end":{"line":474,"column":14}},"172":{"start":{"line":458,"column":16},"end":{"line":458,"column":43}},"173":{"start":{"line":459,"column":16},"end":{"line":470,"column":17}},"174":{"start":{"line":460,"column":20},"end":{"line":469,"column":21}},"175":{"start":{"line":461,"column":24},"end":{"line":461,"column":45}},"176":{"start":{"line":462,"column":24},"end":{"line":468,"column":25}},"177":{"start":{"line":467,"column":28},"end":{"line":467,"column":56}},"178":{"start":{"line":472,"column":16},"end":{"line":472,"column":50}},"179":{"start":{"line":473,"column":16},"end":{"line":473,"column":52}},"180":{"start":{"line":476,"column":12},"end":{"line":479,"column":14}},"181":{"start":{"line":477,"column":16},"end":{"line":477,"column":38}},"182":{"start":{"line":478,"column":16},"end":{"line":478,"column":38}},"183":{"start":{"line":482,"column":12},"end":{"line":482,"column":53}},"184":{"start":{"line":483,"column":12},"end":{"line":483,"column":45}},"185":{"start":{"line":484,"column":12},"end":{"line":484,"column":47}},"186":{"start":{"line":485,"column":12},"end":{"line":485,"column":25}},"187":{"start":{"line":486,"column":12},"end":{"line":492,"column":13}},"188":{"start":{"line":487,"column":16},"end":{"line":487,"column":44}},"189":{"start":{"line":488,"column":16},"end":{"line":491,"column":17}},"190":{"start":{"line":489,"column":20},"end":{"line":489,"column":93}},"191":{"start":{"line":490,"column":20},"end":{"line":490,"column":64}},"192":{"start":{"line":497,"column":12},"end":{"line":497,"column":64}},"193":{"start":{"line":498,"column":12},"end":{"line":498,"column":51}},"194":{"start":{"line":499,"column":12},"end":{"line":499,"column":52}},"195":{"start":{"line":502,"column":12},"end":{"line":536,"column":13}},"196":{"start":{"line":504,"column":16},"end":{"line":510,"column":17}},"197":{"start":{"line":505,"column":20},"end":{"line":509,"column":21}},"198":{"start":{"line":506,"column":24},"end":{"line":508,"column":25}},"199":{"start":{"line":507,"column":28},"end":{"line":507,"column":72}},"200":{"start":{"line":511,"column":16},"end":{"line":511,"column":38}},"201":{"start":{"line":512,"column":16},"end":{"line":512,"column":50}},"202":{"start":{"line":513,"column":16},"end":{"line":513,"column":50}},"203":{"start":{"line":516,"column":16},"end":{"line":516,"column":58}},"204":{"start":{"line":519,"column":16},"end":{"line":535,"column":17}},"205":{"start":{"line":520,"column":20},"end":{"line":520,"column":75}},"206":{"start":{"line":521,"column":20},"end":{"line":530,"column":21}},"207":{"start":{"line":524,"column":24},"end":{"line":524,"column":75}},"208":{"start":{"line":528,"column":24},"end":{"line":529,"column":74}},"209":{"start":{"line":534,"column":20},"end":{"line":534,"column":40}},"210":{"start":{"line":540,"column":12},"end":{"line":542,"column":13}},"211":{"start":{"line":541,"column":16},"end":{"line":541,"column":72}},"212":{"start":{"line":545,"column":12},"end":{"line":545,"column":59}},"213":{"start":{"line":547,"column":12},"end":{"line":547,"column":28}},"214":{"start":{"line":552,"column":4},"end":{"line":552,"column":22}}},"branchMap":{"1":{"line":37,"type":"if","locations":[{"start":{"line":37,"column":12},"end":{"line":37,"column":12}},{"start":{"line":37,"column":12},"end":{"line":37,"column":12}}]},"2":{"line":37,"type":"binary-expr","locations":[{"start":{"line":37,"column":16},"end":{"line":37,"column":45}},{"start":{"line":37,"column":49},"end":{"line":37,"column":55}},{"start":{"line":37,"column":59},"end":{"line":37,"column":90}},{"start":{"line":37,"column":94},"end":{"line":37,"column":102}}]},"3":{"line":48,"type":"cond-expr","locations":[{"start":{"line":48,"column":52},"end":{"line":48,"column":75}},{"start":{"line":48,"column":78},"end":{"line":48,"column":85}}]},"4":{"line":51,"type":"if","locations":[{"start":{"line":51,"column":12},"end":{"line":51,"column":12}},{"start":{"line":51,"column":12},"end":{"line":51,"column":12}}]},"5":{"line":53,"type":"if","locations":[{"start":{"line":53,"column":20},"end":{"line":53,"column":20}},{"start":{"line":53,"column":20},"end":{"line":53,"column":20}}]},"6":{"line":53,"type":"binary-expr","locations":[{"start":{"line":53,"column":24},"end":{"line":53,"column":27}},{"start":{"line":53,"column":31},"end":{"line":53,"column":63}}]},"7":{"line":61,"type":"if","locations":[{"start":{"line":61,"column":12},"end":{"line":61,"column":12}},{"start":{"line":61,"column":12},"end":{"line":61,"column":12}}]},"8":{"line":65,"type":"binary-expr","locations":[{"start":{"line":65,"column":31},"end":{"line":65,"column":47}},{"start":{"line":65,"column":51},"end":{"line":65,"column":55}}]},"9":{"line":75,"type":"cond-expr","locations":[{"start":{"line":75,"column":45},"end":{"line":75,"column":65}},{"start":{"line":75,"column":68},"end":{"line":75,"column":73}}]},"10":{"line":77,"type":"if","locations":[{"start":{"line":77,"column":12},"end":{"line":77,"column":12}},{"start":{"line":77,"column":12},"end":{"line":77,"column":12}}]},"11":{"line":80,"type":"if","locations":[{"start":{"line":80,"column":20},"end":{"line":80,"column":20}},{"start":{"line":80,"column":20},"end":{"line":80,"column":20}}]},"12":{"line":102,"type":"if","locations":[{"start":{"line":102,"column":12},"end":{"line":102,"column":12}},{"start":{"line":102,"column":12},"end":{"line":102,"column":12}}]},"13":{"line":105,"type":"if","locations":[{"start":{"line":105,"column":20},"end":{"line":105,"column":20}},{"start":{"line":105,"column":20},"end":{"line":105,"column":20}}]},"14":{"line":105,"type":"binary-expr","locations":[{"start":{"line":105,"column":24},"end":{"line":105,"column":27}},{"start":{"line":105,"column":31},"end":{"line":105,"column":60}}]},"15":{"line":111,"type":"if","locations":[{"start":{"line":111,"column":12},"end":{"line":111,"column":12}},{"start":{"line":111,"column":12},"end":{"line":111,"column":12}}]},"16":{"line":120,"type":"binary-expr","locations":[{"start":{"line":120,"column":40},"end":{"line":120,"column":57}},{"start":{"line":120,"column":61},"end":{"line":122,"column":21}}]},"17":{"line":138,"type":"if","locations":[{"start":{"line":138,"column":12},"end":{"line":138,"column":12}},{"start":{"line":138,"column":12},"end":{"line":138,"column":12}}]},"18":{"line":144,"type":"if","locations":[{"start":{"line":144,"column":16},"end":{"line":144,"column":16}},{"start":{"line":144,"column":16},"end":{"line":144,"column":16}}]},"19":{"line":144,"type":"binary-expr","locations":[{"start":{"line":144,"column":20},"end":{"line":144,"column":64}},{"start":{"line":144,"column":68},"end":{"line":144,"column":111}}]},"20":{"line":160,"type":"binary-expr","locations":[{"start":{"line":160,"column":24},"end":{"line":160,"column":33}},{"start":{"line":160,"column":37},"end":{"line":160,"column":39}}]},"21":{"line":165,"type":"if","locations":[{"start":{"line":165,"column":16},"end":{"line":165,"column":16}},{"start":{"line":165,"column":16},"end":{"line":165,"column":16}}]},"22":{"line":165,"type":"binary-expr","locations":[{"start":{"line":165,"column":20},"end":{"line":165,"column":44}},{"start":{"line":165,"column":48},"end":{"line":165,"column":57}}]},"23":{"line":168,"type":"if","locations":[{"start":{"line":168,"column":20},"end":{"line":168,"column":20}},{"start":{"line":168,"column":20},"end":{"line":168,"column":20}}]},"24":{"line":171,"type":"if","locations":[{"start":{"line":171,"column":24},"end":{"line":171,"column":24}},{"start":{"line":171,"column":24},"end":{"line":171,"column":24}}]},"25":{"line":171,"type":"binary-expr","locations":[{"start":{"line":171,"column":28},"end":{"line":171,"column":41}},{"start":{"line":171,"column":45},"end":{"line":171,"column":65}}]},"26":{"line":184,"type":"if","locations":[{"start":{"line":184,"column":20},"end":{"line":184,"column":20}},{"start":{"line":184,"column":20},"end":{"line":184,"column":20}}]},"27":{"line":184,"type":"binary-expr","locations":[{"start":{"line":184,"column":24},"end":{"line":184,"column":38}},{"start":{"line":184,"column":42},"end":{"line":184,"column":66}}]},"28":{"line":189,"type":"if","locations":[{"start":{"line":189,"column":20},"end":{"line":189,"column":20}},{"start":{"line":189,"column":20},"end":{"line":189,"column":20}}]},"29":{"line":191,"type":"if","locations":[{"start":{"line":191,"column":24},"end":{"line":191,"column":24}},{"start":{"line":191,"column":24},"end":{"line":191,"column":24}}]},"30":{"line":201,"type":"if","locations":[{"start":{"line":201,"column":24},"end":{"line":201,"column":24}},{"start":{"line":201,"column":24},"end":{"line":201,"column":24}}]},"31":{"line":206,"type":"if","locations":[{"start":{"line":206,"column":24},"end":{"line":206,"column":24}},{"start":{"line":206,"column":24},"end":{"line":206,"column":24}}]},"32":{"line":238,"type":"if","locations":[{"start":{"line":238,"column":12},"end":{"line":238,"column":12}},{"start":{"line":238,"column":12},"end":{"line":238,"column":12}}]},"33":{"line":243,"type":"if","locations":[{"start":{"line":243,"column":12},"end":{"line":243,"column":12}},{"start":{"line":243,"column":12},"end":{"line":243,"column":12}}]},"34":{"line":244,"type":"if","locations":[{"start":{"line":244,"column":16},"end":{"line":244,"column":16}},{"start":{"line":244,"column":16},"end":{"line":244,"column":16}}]},"35":{"line":249,"type":"if","locations":[{"start":{"line":249,"column":21},"end":{"line":249,"column":21}},{"start":{"line":249,"column":21},"end":{"line":249,"column":21}}]},"36":{"line":256,"type":"if","locations":[{"start":{"line":256,"column":21},"end":{"line":256,"column":21}},{"start":{"line":256,"column":21},"end":{"line":256,"column":21}}]},"37":{"line":260,"type":"if","locations":[{"start":{"line":260,"column":24},"end":{"line":260,"column":24}},{"start":{"line":260,"column":24},"end":{"line":260,"column":24}}]},"38":{"line":288,"type":"cond-expr","locations":[{"start":{"line":288,"column":58},"end":{"line":288,"column":62}},{"start":{"line":288,"column":65},"end":{"line":288,"column":81}}]},"39":{"line":303,"type":"if","locations":[{"start":{"line":303,"column":12},"end":{"line":303,"column":12}},{"start":{"line":303,"column":12},"end":{"line":303,"column":12}}]},"40":{"line":307,"type":"if","locations":[{"start":{"line":307,"column":20},"end":{"line":307,"column":20}},{"start":{"line":307,"column":20},"end":{"line":307,"column":20}}]},"41":{"line":307,"type":"binary-expr","locations":[{"start":{"line":307,"column":24},"end":{"line":307,"column":30}},{"start":{"line":307,"column":34},"end":{"line":307,"column":54}}]},"42":{"line":327,"type":"if","locations":[{"start":{"line":327,"column":12},"end":{"line":327,"column":12}},{"start":{"line":327,"column":12},"end":{"line":327,"column":12}}]},"43":{"line":329,"type":"if","locations":[{"start":{"line":329,"column":16},"end":{"line":329,"column":16}},{"start":{"line":329,"column":16},"end":{"line":329,"column":16}}]},"44":{"line":357,"type":"if","locations":[{"start":{"line":357,"column":12},"end":{"line":357,"column":12}},{"start":{"line":357,"column":12},"end":{"line":357,"column":12}}]},"45":{"line":375,"type":"if","locations":[{"start":{"line":375,"column":12},"end":{"line":375,"column":12}},{"start":{"line":375,"column":12},"end":{"line":375,"column":12}}]},"46":{"line":376,"type":"if","locations":[{"start":{"line":376,"column":16},"end":{"line":376,"column":16}},{"start":{"line":376,"column":16},"end":{"line":376,"column":16}}]},"47":{"line":388,"type":"if","locations":[{"start":{"line":388,"column":20},"end":{"line":388,"column":20}},{"start":{"line":388,"column":20},"end":{"line":388,"column":20}}]},"48":{"line":388,"type":"binary-expr","locations":[{"start":{"line":388,"column":24},"end":{"line":388,"column":40}},{"start":{"line":388,"column":44},"end":{"line":388,"column":65}}]},"49":{"line":413,"type":"if","locations":[{"start":{"line":413,"column":12},"end":{"line":413,"column":12}},{"start":{"line":413,"column":12},"end":{"line":413,"column":12}}]},"50":{"line":416,"type":"if","locations":[{"start":{"line":416,"column":16},"end":{"line":416,"column":16}},{"start":{"line":416,"column":16},"end":{"line":416,"column":16}}]},"51":{"line":416,"type":"binary-expr","locations":[{"start":{"line":416,"column":20},"end":{"line":416,"column":56}},{"start":{"line":416,"column":60},"end":{"line":416,"column":101}}]},"52":{"line":419,"type":"if","locations":[{"start":{"line":419,"column":20},"end":{"line":419,"column":20}},{"start":{"line":419,"column":20},"end":{"line":419,"column":20}}]},"53":{"line":419,"type":"binary-expr","locations":[{"start":{"line":419,"column":24},"end":{"line":419,"column":38}},{"start":{"line":419,"column":42},"end":{"line":419,"column":54}},{"start":{"line":419,"column":58},"end":{"line":419,"column":71}}]},"54":{"line":422,"type":"if","locations":[{"start":{"line":422,"column":20},"end":{"line":422,"column":20}},{"start":{"line":422,"column":20},"end":{"line":422,"column":20}}]},"55":{"line":422,"type":"binary-expr","locations":[{"start":{"line":422,"column":24},"end":{"line":422,"column":43}},{"start":{"line":422,"column":47},"end":{"line":422,"column":59}}]},"56":{"line":429,"type":"binary-expr","locations":[{"start":{"line":429,"column":19},"end":{"line":429,"column":32}},{"start":{"line":429,"column":36},"end":{"line":429,"column":48}}]},"57":{"line":430,"type":"binary-expr","locations":[{"start":{"line":430,"column":24},"end":{"line":430,"column":42}},{"start":{"line":430,"column":46},"end":{"line":430,"column":48}}]},"58":{"line":435,"type":"cond-expr","locations":[{"start":{"line":435,"column":53},"end":{"line":435,"column":75}},{"start":{"line":435,"column":78},"end":{"line":435,"column":82}}]},"59":{"line":443,"type":"if","locations":[{"start":{"line":443,"column":16},"end":{"line":443,"column":16}},{"start":{"line":443,"column":16},"end":{"line":443,"column":16}}]},"60":{"line":443,"type":"binary-expr","locations":[{"start":{"line":443,"column":20},"end":{"line":443,"column":33}},{"start":{"line":443,"column":37},"end":{"line":443,"column":61}}]},"61":{"line":452,"type":"binary-expr","locations":[{"start":{"line":452,"column":43},"end":{"line":452,"column":57}},{"start":{"line":452,"column":61},"end":{"line":452,"column":70}}]},"62":{"line":454,"type":"binary-expr","locations":[{"start":{"line":454,"column":38},"end":{"line":454,"column":58}},{"start":{"line":454,"column":62},"end":{"line":454,"column":71}}]},"63":{"line":460,"type":"if","locations":[{"start":{"line":460,"column":20},"end":{"line":460,"column":20}},{"start":{"line":460,"column":20},"end":{"line":460,"column":20}}]},"64":{"line":462,"type":"if","locations":[{"start":{"line":462,"column":24},"end":{"line":462,"column":24}},{"start":{"line":462,"column":24},"end":{"line":462,"column":24}}]},"65":{"line":462,"type":"binary-expr","locations":[{"start":{"line":462,"column":28},"end":{"line":462,"column":52}},{"start":{"line":463,"column":31},"end":{"line":463,"column":44}},{"start":{"line":464,"column":31},"end":{"line":464,"column":45}},{"start":{"line":465,"column":31},"end":{"line":465,"column":54}},{"start":{"line":466,"column":32},"end":{"line":466,"column":48}},{"start":{"line":466,"column":52},"end":{"line":466,"column":73}}]},"66":{"line":488,"type":"if","locations":[{"start":{"line":488,"column":16},"end":{"line":488,"column":16}},{"start":{"line":488,"column":16},"end":{"line":488,"column":16}}]},"67":{"line":489,"type":"binary-expr","locations":[{"start":{"line":489,"column":48},"end":{"line":489,"column":73}},{"start":{"line":489,"column":77},"end":{"line":489,"column":92}}]},"68":{"line":497,"type":"binary-expr","locations":[{"start":{"line":497,"column":36},"end":{"line":497,"column":57}},{"start":{"line":497,"column":61},"end":{"line":497,"column":63}}]},"69":{"line":502,"type":"if","locations":[{"start":{"line":502,"column":12},"end":{"line":502,"column":12}},{"start":{"line":502,"column":12},"end":{"line":502,"column":12}}]},"70":{"line":502,"type":"binary-expr","locations":[{"start":{"line":502,"column":16},"end":{"line":502,"column":39}},{"start":{"line":502,"column":43},"end":{"line":502,"column":73}}]},"71":{"line":504,"type":"if","locations":[{"start":{"line":504,"column":16},"end":{"line":504,"column":16}},{"start":{"line":504,"column":16},"end":{"line":504,"column":16}}]},"72":{"line":504,"type":"binary-expr","locations":[{"start":{"line":504,"column":20},"end":{"line":504,"column":45}},{"start":{"line":504,"column":49},"end":{"line":504,"column":79}}]},"73":{"line":506,"type":"if","locations":[{"start":{"line":506,"column":24},"end":{"line":506,"column":24}},{"start":{"line":506,"column":24},"end":{"line":506,"column":24}}]},"74":{"line":506,"type":"binary-expr","locations":[{"start":{"line":506,"column":28},"end":{"line":506,"column":31}},{"start":{"line":506,"column":35},"end":{"line":506,"column":77}}]},"75":{"line":519,"type":"if","locations":[{"start":{"line":519,"column":16},"end":{"line":519,"column":16}},{"start":{"line":519,"column":16},"end":{"line":519,"column":16}}]},"76":{"line":520,"type":"binary-expr","locations":[{"start":{"line":520,"column":34},"end":{"line":520,"column":45}},{"start":{"line":520,"column":49},"end":{"line":520,"column":74}}]},"77":{"line":521,"type":"if","locations":[{"start":{"line":521,"column":20},"end":{"line":521,"column":20}},{"start":{"line":521,"column":20},"end":{"line":521,"column":20}}]},"78":{"line":521,"type":"binary-expr","locations":[{"start":{"line":521,"column":24},"end":{"line":521,"column":50}},{"start":{"line":521,"column":54},"end":{"line":521,"column":65}}]},"79":{"line":540,"type":"if","locations":[{"start":{"line":540,"column":12},"end":{"line":540,"column":12}},{"start":{"line":540,"column":12},"end":{"line":540,"column":12}}]},"80":{"line":540,"type":"binary-expr","locations":[{"start":{"line":540,"column":16},"end":{"line":540,"column":39}},{"start":{"line":540,"column":43},"end":{"line":540,"column":79}}]}}},"D:\\code\\github\\sojs\\src\\sojs\\event.js":{"path":"D:\\code\\github\\sojs\\src\\sojs\\event.js","s":{"1":1,"2":98,"3":98,"4":98,"5":213,"6":213,"7":213,"8":113,"9":113,"10":119,"11":119,"12":111,"13":111,"14":111,"15":2,"16":2,"17":2,"18":111,"19":33,"20":10,"21":22,"22":22,"23":23,"24":23,"25":23,"26":24,"27":2,"28":1,"29":1,"30":22,"31":22,"32":73,"33":73,"34":73,"35":5,"36":68,"37":68,"38":69,"39":69,"40":69,"41":69,"42":59,"43":10,"44":1,"45":69,"46":69,"47":60,"48":71,"49":56,"50":56,"51":71,"52":97,"53":97,"54":97,"55":97,"56":99,"57":97,"58":97,"59":97,"60":103,"61":103,"62":103,"63":103,"64":103,"65":103,"66":97,"67":97,"68":97,"69":174,"70":174,"71":174,"72":174,"73":27,"74":27,"75":27,"76":12,"77":174,"78":9,"79":165,"80":165,"81":165,"82":165,"83":162,"84":162,"85":162,"86":103,"87":103,"88":165,"89":62,"90":62,"91":62,"92":54,"93":54,"94":54,"95":54,"96":51,"97":54,"98":51,"99":62,"100":50,"101":52,"102":52,"103":52,"104":52,"105":51,"106":1,"107":1,"108":52,"109":52,"110":52,"111":62,"112":62,"113":12,"114":12,"115":165,"116":6,"117":6,"118":6,"119":6,"120":12,"121":12,"122":12,"123":12,"124":12,"125":17,"126":17,"127":17,"128":17,"129":22,"130":22,"131":22,"132":22,"133":22},"b":{"1":[3,210],"2":[111,108],"3":[2,109],"4":[111,3],"5":[10,23],"6":[33,10],"7":[22,0],"8":[22,22,22],"9":[23,0],"10":[23,23,23],"11":[2,22],"12":[1,1],"13":[73,2],"14":[5,68],"15":[73,73],"16":[68,0],"17":[68,68],"18":[59,10],"19":[1,9],"20":[10,1],"21":[60,9],"22":[69,60],"23":[56,0],"24":[56,56,56],"25":[97,96],"26":[97,0],"27":[2,95],"28":[93,4],"29":[103,0],"30":[103,3],"31":[97,0],"32":[174,1],"33":[27,0],"34":[27,27],"35":[27,0],"36":[12,15],"37":[9,165],"38":[162,0],"39":[162,162,162],"40":[162,0],"41":[103,59],"42":[62,103],"43":[54,0],"44":[54,54,54],"45":[51,3],"46":[50,12],"47":[62,62],"48":[51,1],"49":[1,0],"50":[1,1],"51":[52,0],"52":[52,52],"53":[12,0],"54":[12,12],"55":[5,7],"56":[5,7],"57":[17,6],"58":[22,16]},"f":{"1":1,"2":98,"3":213,"4":113,"5":119,"6":111,"7":33,"8":73,"9":97,"10":174,"11":6},"fnMap":{"1":{"name":"(anonymous_1)","line":82,"loc":{"start":{"line":82,"column":12},"end":{"line":82,"column":24}}},"2":{"name":"(anonymous_2)","line":88,"loc":{"start":{"line":88,"column":11},"end":{"line":88,"column":23}}},"3":{"name":"(anonymous_3)","line":103,"loc":{"start":{"line":103,"column":20},"end":{"line":103,"column":51}}},"4":{"name":"(anonymous_4)","line":117,"loc":{"start":{"line":117,"column":17},"end":{"line":117,"column":38}}},"5":{"name":"(anonymous_5)","line":133,"loc":{"start":{"line":133,"column":17},"end":{"line":133,"column":38}}},"6":{"name":"(anonymous_6)","line":154,"loc":{"start":{"line":154,"column":10},"end":{"line":154,"column":48}}},"7":{"name":"(anonymous_7)","line":178,"loc":{"start":{"line":178,"column":12},"end":{"line":178,"column":43}}},"8":{"name":"(anonymous_8)","line":214,"loc":{"start":{"line":214,"column":10},"end":{"line":214,"column":37}}},"9":{"name":"(anonymous_9)","line":265,"loc":{"start":{"line":265,"column":11},"end":{"line":265,"column":61}}},"10":{"name":"(anonymous_10)","line":306,"loc":{"start":{"line":306,"column":15},"end":{"line":306,"column":36}}},"11":{"name":"(anonymous_11)","line":404,"loc":{"start":{"line":404,"column":11},"end":{"line":404,"column":55}}}},"statementMap":{"1":{"start":{"line":34,"column":0},"end":{"line":436,"column":3}},"2":{"start":{"line":89,"column":8},"end":{"line":89,"column":28}},"3":{"start":{"line":90,"column":8},"end":{"line":90,"column":28}},"4":{"start":{"line":91,"column":8},"end":{"line":91,"column":36}},"5":{"start":{"line":104,"column":8},"end":{"line":104,"column":28}},"6":{"start":{"line":105,"column":8},"end":{"line":105,"column":70}},"7":{"start":{"line":106,"column":8},"end":{"line":111,"column":10}},"8":{"start":{"line":118,"column":8},"end":{"line":126,"column":10}},"9":{"start":{"line":127,"column":8},"end":{"line":127,"column":22}},"10":{"start":{"line":134,"column":8},"end":{"line":144,"column":10}},"11":{"start":{"line":145,"column":8},"end":{"line":145,"column":22}},"12":{"start":{"line":156,"column":8},"end":{"line":156,"column":102}},"13":{"start":{"line":157,"column":8},"end":{"line":157,"column":64}},"14":{"start":{"line":160,"column":8},"end":{"line":166,"column":9}},"15":{"start":{"line":161,"column":12},"end":{"line":163,"column":13}},"16":{"start":{"line":162,"column":16},"end":{"line":162,"column":51}},"17":{"start":{"line":165,"column":12},"end":{"line":165,"column":29}},"18":{"start":{"line":167,"column":8},"end":{"line":167,"column":20}},"19":{"start":{"line":179,"column":8},"end":{"line":205,"column":9}},"20":{"start":{"line":181,"column":12},"end":{"line":185,"column":13}},"21":{"start":{"line":182,"column":16},"end":{"line":184,"column":17}},"22":{"start":{"line":183,"column":20},"end":{"line":183,"column":37}},"23":{"start":{"line":188,"column":12},"end":{"line":188,"column":54}},"24":{"start":{"line":189,"column":12},"end":{"line":204,"column":13}},"25":{"start":{"line":190,"column":16},"end":{"line":203,"column":17}},"26":{"start":{"line":191,"column":20},"end":{"line":202,"column":21}},"27":{"start":{"line":193,"column":24},"end":{"line":196,"column":25}},"28":{"start":{"line":194,"column":28},"end":{"line":194,"column":67}},"29":{"start":{"line":195,"column":28},"end":{"line":195,"column":65}},"30":{"start":{"line":200,"column":24},"end":{"line":200,"column":63}},"31":{"start":{"line":201,"column":24},"end":{"line":201,"column":61}},"32":{"start":{"line":215,"column":8},"end":{"line":215,"column":102}},"33":{"start":{"line":216,"column":8},"end":{"line":216,"column":25}},"34":{"start":{"line":218,"column":8},"end":{"line":247,"column":9}},"35":{"start":{"line":220,"column":12},"end":{"line":220,"column":35}},"36":{"start":{"line":224,"column":12},"end":{"line":246,"column":13}},"37":{"start":{"line":225,"column":16},"end":{"line":245,"column":17}},"38":{"start":{"line":226,"column":20},"end":{"line":226,"column":55}},"39":{"start":{"line":227,"column":20},"end":{"line":227,"column":65}},"40":{"start":{"line":229,"column":20},"end":{"line":229,"column":40}},"41":{"start":{"line":230,"column":20},"end":{"line":239,"column":21}},"42":{"start":{"line":232,"column":24},"end":{"line":232,"column":39}},"43":{"start":{"line":235,"column":24},"end":{"line":238,"column":25}},"44":{"start":{"line":237,"column":28},"end":{"line":237,"column":43}},"45":{"start":{"line":241,"column":20},"end":{"line":241,"column":45}},"46":{"start":{"line":242,"column":20},"end":{"line":244,"column":21}},"47":{"start":{"line":243,"column":24},"end":{"line":243,"column":67}},"48":{"start":{"line":250,"column":8},"end":{"line":254,"column":9}},"49":{"start":{"line":251,"column":12},"end":{"line":253,"column":13}},"50":{"start":{"line":252,"column":16},"end":{"line":252,"column":42}},"51":{"start":{"line":255,"column":8},"end":{"line":255,"column":20}},"52":{"start":{"line":266,"column":8},"end":{"line":266,"column":105}},"53":{"start":{"line":269,"column":8},"end":{"line":276,"column":9}},"54":{"start":{"line":270,"column":12},"end":{"line":272,"column":14}},"55":{"start":{"line":273,"column":12},"end":{"line":275,"column":13}},"56":{"start":{"line":274,"column":16},"end":{"line":274,"column":78}},"57":{"start":{"line":279,"column":8},"end":{"line":279,"column":22}},"58":{"start":{"line":280,"column":8},"end":{"line":282,"column":23}},"59":{"start":{"line":283,"column":8},"end":{"line":293,"column":9}},"60":{"start":{"line":284,"column":12},"end":{"line":284,"column":38}},"61":{"start":{"line":286,"column":12},"end":{"line":292,"column":13}},"62":{"start":{"line":287,"column":16},"end":{"line":287,"column":37}},"63":{"start":{"line":289,"column":16},"end":{"line":289,"column":110}},"64":{"start":{"line":290,"column":16},"end":{"line":290,"column":41}},"65":{"start":{"line":291,"column":16},"end":{"line":291,"column":44}},"66":{"start":{"line":296,"column":8},"end":{"line":298,"column":9}},"67":{"start":{"line":297,"column":12},"end":{"line":297,"column":38}},"68":{"start":{"line":299,"column":8},"end":{"line":299,"column":20}},"69":{"start":{"line":307,"column":8},"end":{"line":307,"column":105}},"70":{"start":{"line":310,"column":8},"end":{"line":310,"column":44}},"71":{"start":{"line":311,"column":8},"end":{"line":311,"column":38}},"72":{"start":{"line":312,"column":8},"end":{"line":321,"column":9}},"73":{"start":{"line":313,"column":12},"end":{"line":320,"column":13}},"74":{"start":{"line":314,"column":16},"end":{"line":319,"column":17}},"75":{"start":{"line":316,"column":20},"end":{"line":318,"column":21}},"76":{"start":{"line":317,"column":24},"end":{"line":317,"column":51}},"77":{"start":{"line":324,"column":8},"end":{"line":326,"column":9}},"78":{"start":{"line":325,"column":12},"end":{"line":325,"column":24}},"79":{"start":{"line":329,"column":8},"end":{"line":329,"column":34}},"80":{"start":{"line":330,"column":8},"end":{"line":330,"column":33}},"81":{"start":{"line":331,"column":8},"end":{"line":331,"column":15}},"82":{"start":{"line":332,"column":8},"end":{"line":341,"column":9}},"83":{"start":{"line":333,"column":12},"end":{"line":340,"column":13}},"84":{"start":{"line":334,"column":16},"end":{"line":334,"column":106}},"85":{"start":{"line":335,"column":16},"end":{"line":339,"column":17}},"86":{"start":{"line":337,"column":20},"end":{"line":337,"column":42}},"87":{"start":{"line":338,"column":20},"end":{"line":338,"column":26}},"88":{"start":{"line":344,"column":8},"end":{"line":394,"column":9}},"89":{"start":{"line":346,"column":12},"end":{"line":346,"column":32}},"90":{"start":{"line":349,"column":12},"end":{"line":349,"column":39}},"91":{"start":{"line":350,"column":12},"end":{"line":362,"column":13}},"92":{"start":{"line":351,"column":16},"end":{"line":361,"column":17}},"93":{"start":{"line":352,"column":20},"end":{"line":352,"column":72}},"94":{"start":{"line":353,"column":20},"end":{"line":353,"column":54}},"95":{"start":{"line":354,"column":20},"end":{"line":356,"column":21}},"96":{"start":{"line":355,"column":24},"end":{"line":355,"column":77}},"97":{"start":{"line":358,"column":20},"end":{"line":360,"column":21}},"98":{"start":{"line":359,"column":24},"end":{"line":359,"column":87}},"99":{"start":{"line":365,"column":12},"end":{"line":385,"column":13}},"100":{"start":{"line":366,"column":16},"end":{"line":384,"column":17}},"101":{"start":{"line":367,"column":20},"end":{"line":367,"column":58}},"102":{"start":{"line":368,"column":20},"end":{"line":368,"column":65}},"103":{"start":{"line":369,"column":20},"end":{"line":369,"column":40}},"104":{"start":{"line":370,"column":20},"end":{"line":379,"column":21}},"105":{"start":{"line":372,"column":24},"end":{"line":372,"column":39}},"106":{"start":{"line":375,"column":24},"end":{"line":378,"column":25}},"107":{"start":{"line":377,"column":28},"end":{"line":377,"column":43}},"108":{"start":{"line":380,"column":20},"end":{"line":380,"column":45}},"109":{"start":{"line":381,"column":20},"end":{"line":383,"column":21}},"110":{"start":{"line":382,"column":24},"end":{"line":382,"column":80}},"111":{"start":{"line":388,"column":12},"end":{"line":388,"column":54}},"112":{"start":{"line":389,"column":12},"end":{"line":393,"column":13}},"113":{"start":{"line":390,"column":16},"end":{"line":392,"column":17}},"114":{"start":{"line":391,"column":20},"end":{"line":391,"column":54}},"115":{"start":{"line":396,"column":8},"end":{"line":396,"column":20}},"116":{"start":{"line":405,"column":8},"end":{"line":405,"column":58}},"117":{"start":{"line":406,"column":8},"end":{"line":406,"column":27}},"118":{"start":{"line":407,"column":8},"end":{"line":407,"column":23}},"119":{"start":{"line":408,"column":8},"end":{"line":434,"column":9}},"120":{"start":{"line":409,"column":12},"end":{"line":409,"column":41}},"121":{"start":{"line":410,"column":12},"end":{"line":410,"column":33}},"122":{"start":{"line":413,"column":12},"end":{"line":415,"column":14}},"123":{"start":{"line":416,"column":12},"end":{"line":418,"column":14}},"124":{"start":{"line":421,"column":12},"end":{"line":433,"column":13}},"125":{"start":{"line":422,"column":16},"end":{"line":422,"column":58}},"126":{"start":{"line":423,"column":16},"end":{"line":423,"column":125}},"127":{"start":{"line":424,"column":16},"end":{"line":424,"column":70}},"128":{"start":{"line":425,"column":16},"end":{"line":432,"column":17}},"129":{"start":{"line":426,"column":20},"end":{"line":426,"column":54}},"130":{"start":{"line":427,"column":20},"end":{"line":427,"column":117}},"131":{"start":{"line":428,"column":20},"end":{"line":428,"column":66}},"132":{"start":{"line":430,"column":20},"end":{"line":430,"column":65}},"133":{"start":{"line":431,"column":20},"end":{"line":431,"column":68}}},"branchMap":{"1":{"line":105,"type":"cond-expr","locations":[{"start":{"line":105,"column":55},"end":{"line":105,"column":64}},{"start":{"line":105,"column":67},"end":{"line":105,"column":69}}]},"2":{"line":156,"type":"binary-expr","locations":[{"start":{"line":156,"column":45},"end":{"line":156,"column":70}},{"start":{"line":156,"column":74},"end":{"line":156,"column":101}}]},"3":{"line":160,"type":"if","locations":[{"start":{"line":160,"column":8},"end":{"line":160,"column":8}},{"start":{"line":160,"column":8},"end":{"line":160,"column":8}}]},"4":{"line":160,"type":"binary-expr","locations":[{"start":{"line":160,"column":12},"end":{"line":160,"column":21}},{"start":{"line":160,"column":25},"end":{"line":160,"column":43}}]},"5":{"line":179,"type":"if","locations":[{"start":{"line":179,"column":8},"end":{"line":179,"column":8}},{"start":{"line":179,"column":8},"end":{"line":179,"column":8}}]},"6":{"line":179,"type":"binary-expr","locations":[{"start":{"line":179,"column":12},"end":{"line":179,"column":22}},{"start":{"line":179,"column":26},"end":{"line":179,"column":35}}]},"7":{"line":182,"type":"if","locations":[{"start":{"line":182,"column":16},"end":{"line":182,"column":16}},{"start":{"line":182,"column":16},"end":{"line":182,"column":16}}]},"8":{"line":182,"type":"binary-expr","locations":[{"start":{"line":182,"column":20},"end":{"line":182,"column":23}},{"start":{"line":182,"column":27},"end":{"line":182,"column":46}},{"start":{"line":182,"column":50},"end":{"line":182,"column":84}}]},"9":{"line":189,"type":"if","locations":[{"start":{"line":189,"column":12},"end":{"line":189,"column":12}},{"start":{"line":189,"column":12},"end":{"line":189,"column":12}}]},"10":{"line":189,"type":"binary-expr","locations":[{"start":{"line":189,"column":16},"end":{"line":189,"column":25}},{"start":{"line":189,"column":29},"end":{"line":189,"column":48}},{"start":{"line":189,"column":52},"end":{"line":189,"column":78}}]},"11":{"line":191,"type":"if","locations":[{"start":{"line":191,"column":20},"end":{"line":191,"column":20}},{"start":{"line":191,"column":20},"end":{"line":191,"column":20}}]},"12":{"line":193,"type":"if","locations":[{"start":{"line":193,"column":24},"end":{"line":193,"column":24}},{"start":{"line":193,"column":24},"end":{"line":193,"column":24}}]},"13":{"line":215,"type":"binary-expr","locations":[{"start":{"line":215,"column":45},"end":{"line":215,"column":70}},{"start":{"line":215,"column":74},"end":{"line":215,"column":101}}]},"14":{"line":218,"type":"if","locations":[{"start":{"line":218,"column":8},"end":{"line":218,"column":8}},{"start":{"line":218,"column":8},"end":{"line":218,"column":8}}]},"15":{"line":218,"type":"binary-expr","locations":[{"start":{"line":218,"column":12},"end":{"line":218,"column":25}},{"start":{"line":218,"column":29},"end":{"line":218,"column":49}}]},"16":{"line":224,"type":"if","locations":[{"start":{"line":224,"column":12},"end":{"line":224,"column":12}},{"start":{"line":224,"column":12},"end":{"line":224,"column":12}}]},"17":{"line":224,"type":"binary-expr","locations":[{"start":{"line":224,"column":16},"end":{"line":224,"column":28}},{"start":{"line":224,"column":32},"end":{"line":224,"column":51}}]},"18":{"line":230,"type":"if","locations":[{"start":{"line":230,"column":20},"end":{"line":230,"column":20}},{"start":{"line":230,"column":20},"end":{"line":230,"column":20}}]},"19":{"line":235,"type":"if","locations":[{"start":{"line":235,"column":24},"end":{"line":235,"column":24}},{"start":{"line":235,"column":24},"end":{"line":235,"column":24}}]},"20":{"line":235,"type":"binary-expr","locations":[{"start":{"line":235,"column":28},"end":{"line":235,"column":54}},{"start":{"line":235,"column":58},"end":{"line":235,"column":105}}]},"21":{"line":242,"type":"if","locations":[{"start":{"line":242,"column":20},"end":{"line":242,"column":20}},{"start":{"line":242,"column":20},"end":{"line":242,"column":20}}]},"22":{"line":242,"type":"binary-expr","locations":[{"start":{"line":242,"column":24},"end":{"line":242,"column":31}},{"start":{"line":242,"column":35},"end":{"line":242,"column":51}}]},"23":{"line":251,"type":"if","locations":[{"start":{"line":251,"column":12},"end":{"line":251,"column":12}},{"start":{"line":251,"column":12},"end":{"line":251,"column":12}}]},"24":{"line":251,"type":"binary-expr","locations":[{"start":{"line":251,"column":16},"end":{"line":251,"column":25}},{"start":{"line":251,"column":29},"end":{"line":251,"column":64}},{"start":{"line":251,"column":68},"end":{"line":251,"column":88}}]},"25":{"line":266,"type":"binary-expr","locations":[{"start":{"line":266,"column":48},"end":{"line":266,"column":73}},{"start":{"line":266,"column":77},"end":{"line":266,"column":104}}]},"26":{"line":269,"type":"if","locations":[{"start":{"line":269,"column":8},"end":{"line":269,"column":8}},{"start":{"line":269,"column":8},"end":{"line":269,"column":8}}]},"27":{"line":270,"type":"cond-expr","locations":[{"start":{"line":270,"column":51},"end":{"line":270,"column":59}},{"start":{"line":270,"column":62},"end":{"line":272,"column":13}}]},"28":{"line":280,"type":"cond-expr","locations":[{"start":{"line":280,"column":54},"end":{"line":282,"column":9}},{"start":{"line":282,"column":12},"end":{"line":282,"column":22}}]},"29":{"line":286,"type":"if","locations":[{"start":{"line":286,"column":12},"end":{"line":286,"column":12}},{"start":{"line":286,"column":12},"end":{"line":286,"column":12}}]},"30":{"line":289,"type":"binary-expr","locations":[{"start":{"line":289,"column":53},"end":{"line":289,"column":78}},{"start":{"line":289,"column":82},"end":{"line":289,"column":109}}]},"31":{"line":296,"type":"if","locations":[{"start":{"line":296,"column":8},"end":{"line":296,"column":8}},{"start":{"line":296,"column":8},"end":{"line":296,"column":8}}]},"32":{"line":307,"type":"binary-expr","locations":[{"start":{"line":307,"column":48},"end":{"line":307,"column":73}},{"start":{"line":307,"column":77},"end":{"line":307,"column":104}}]},"33":{"line":313,"type":"if","locations":[{"start":{"line":313,"column":12},"end":{"line":313,"column":12}},{"start":{"line":313,"column":12},"end":{"line":313,"column":12}}]},"34":{"line":313,"type":"binary-expr","locations":[{"start":{"line":313,"column":16},"end":{"line":313,"column":30}},{"start":{"line":313,"column":34},"end":{"line":313,"column":76}}]},"35":{"line":314,"type":"if","locations":[{"start":{"line":314,"column":16},"end":{"line":314,"column":16}},{"start":{"line":314,"column":16},"end":{"line":314,"column":16}}]},"36":{"line":316,"type":"if","locations":[{"start":{"line":316,"column":20},"end":{"line":316,"column":20}},{"start":{"line":316,"column":20},"end":{"line":316,"column":20}}]},"37":{"line":324,"type":"if","locations":[{"start":{"line":324,"column":8},"end":{"line":324,"column":8}},{"start":{"line":324,"column":8},"end":{"line":324,"column":8}}]},"38":{"line":333,"type":"if","locations":[{"start":{"line":333,"column":12},"end":{"line":333,"column":12}},{"start":{"line":333,"column":12},"end":{"line":333,"column":12}}]},"39":{"line":333,"type":"binary-expr","locations":[{"start":{"line":333,"column":16},"end":{"line":333,"column":25}},{"start":{"line":333,"column":29},"end":{"line":333,"column":61}},{"start":{"line":333,"column":65},"end":{"line":333,"column":82}}]},"40":{"line":334,"type":"binary-expr","locations":[{"start":{"line":334,"column":49},"end":{"line":334,"column":74}},{"start":{"line":334,"column":78},"end":{"line":334,"column":105}}]},"41":{"line":335,"type":"if","locations":[{"start":{"line":335,"column":16},"end":{"line":335,"column":16}},{"start":{"line":335,"column":16},"end":{"line":335,"column":16}}]},"42":{"line":344,"type":"if","locations":[{"start":{"line":344,"column":8},"end":{"line":344,"column":8}},{"start":{"line":344,"column":8},"end":{"line":344,"column":8}}]},"43":{"line":351,"type":"if","locations":[{"start":{"line":351,"column":16},"end":{"line":351,"column":16}},{"start":{"line":351,"column":16},"end":{"line":351,"column":16}}]},"44":{"line":351,"type":"binary-expr","locations":[{"start":{"line":351,"column":20},"end":{"line":351,"column":29}},{"start":{"line":351,"column":33},"end":{"line":351,"column":65}},{"start":{"line":351,"column":69},"end":{"line":351,"column":86}}]},"45":{"line":358,"type":"if","locations":[{"start":{"line":358,"column":20},"end":{"line":358,"column":20}},{"start":{"line":358,"column":20},"end":{"line":358,"column":20}}]},"46":{"line":365,"type":"if","locations":[{"start":{"line":365,"column":12},"end":{"line":365,"column":12}},{"start":{"line":365,"column":12},"end":{"line":365,"column":12}}]},"47":{"line":365,"type":"binary-expr","locations":[{"start":{"line":365,"column":16},"end":{"line":365,"column":31}},{"start":{"line":365,"column":35},"end":{"line":365,"column":57}}]},"48":{"line":370,"type":"if","locations":[{"start":{"line":370,"column":20},"end":{"line":370,"column":20}},{"start":{"line":370,"column":20},"end":{"line":370,"column":20}}]},"49":{"line":375,"type":"if","locations":[{"start":{"line":375,"column":24},"end":{"line":375,"column":24}},{"start":{"line":375,"column":24},"end":{"line":375,"column":24}}]},"50":{"line":375,"type":"binary-expr","locations":[{"start":{"line":375,"column":28},"end":{"line":375,"column":54}},{"start":{"line":375,"column":58},"end":{"line":375,"column":105}}]},"51":{"line":381,"type":"if","locations":[{"start":{"line":381,"column":20},"end":{"line":381,"column":20}},{"start":{"line":381,"column":20},"end":{"line":381,"column":20}}]},"52":{"line":381,"type":"binary-expr","locations":[{"start":{"line":381,"column":24},"end":{"line":381,"column":31}},{"start":{"line":381,"column":35},"end":{"line":381,"column":51}}]},"53":{"line":390,"type":"if","locations":[{"start":{"line":390,"column":16},"end":{"line":390,"column":16}},{"start":{"line":390,"column":16},"end":{"line":390,"column":16}}]},"54":{"line":390,"type":"binary-expr","locations":[{"start":{"line":390,"column":20},"end":{"line":390,"column":37}},{"start":{"line":390,"column":41},"end":{"line":390,"column":89}}]},"55":{"line":413,"type":"cond-expr","locations":[{"start":{"line":413,"column":63},"end":{"line":413,"column":77}},{"start":{"line":413,"column":80},"end":{"line":415,"column":13}}]},"56":{"line":416,"type":"cond-expr","locations":[{"start":{"line":416,"column":55},"end":{"line":416,"column":65}},{"start":{"line":416,"column":68},"end":{"line":418,"column":13}}]},"57":{"line":423,"type":"binary-expr","locations":[{"start":{"line":423,"column":52},"end":{"line":423,"column":85}},{"start":{"line":423,"column":89},"end":{"line":423,"column":124}}]},"58":{"line":427,"type":"binary-expr","locations":[{"start":{"line":427,"column":52},"end":{"line":427,"column":81}},{"start":{"line":427,"column":85},"end":{"line":427,"column":116}}]}}},"D:\\code\\github\\sojs\\src\\sojs\\promise.js":{"path":"D:\\code\\github\\sojs\\src\\sojs\\promise.js","s":{"1":1,"2":81,"3":81,"4":20,"5":20,"6":1,"7":9,"8":58,"9":2,"10":2,"11":1,"12":2,"13":1,"14":2,"15":56,"16":56,"17":56,"18":28,"19":28,"20":2,"21":6,"22":6,"23":6,"24":39,"25":39,"26":39,"27":20,"28":39,"29":2,"30":2,"31":2,"32":2,"33":2,"34":2,"35":2,"36":2,"37":1,"38":1,"39":1,"40":1,"41":1,"42":2,"43":2,"44":2,"45":2,"46":46,"47":46,"48":46,"49":46,"50":26,"51":46,"52":20,"53":46,"54":46,"55":46,"56":46,"57":46,"58":7,"59":7,"60":39,"61":5,"62":5,"63":46,"64":11,"65":2,"66":2,"67":2,"68":1,"69":2,"70":2,"71":6,"72":6,"73":6,"74":6,"75":6,"76":6,"77":3,"78":6,"79":5,"80":6,"81":1,"82":1,"83":6,"84":2,"85":1,"86":1,"87":3,"88":1,"89":2,"90":3,"91":3,"92":3,"93":1,"94":3,"95":2,"96":3,"97":3,"98":9,"99":9,"100":9,"101":9,"102":7,"103":7,"104":9,"105":2,"106":2,"107":9,"108":3},"b":{"1":[20,61],"2":[2,56],"3":[58,33],"4":[28,28],"5":[56,56],"6":[20,19],"7":[39,39],"8":[1,1],"9":[1,0],"10":[46,11],"11":[46,16],"12":[7,39],"13":[5,34]},"f":{"1":81,"2":9,"3":58,"4":1,"5":1,"6":6,"7":39,"8":2,"9":2,"10":2,"11":2,"12":46,"13":26,"14":20,"15":7,"16":5,"17":11,"18":2,"19":1,"20":3,"21":5,"22":1,"23":1,"24":3,"25":1,"26":2,"27":7,"28":2},"fnMap":{"1":{"name":"(anonymous_1)","line":17,"loc":{"start":{"line":17,"column":13},"end":{"line":17,"column":29}}},"2":{"name":"(anonymous_2)","line":43,"loc":{"start":{"line":43,"column":17},"end":{"line":43,"column":33}}},"3":{"name":"(anonymous_3)","line":52,"loc":{"start":{"line":52,"column":16},"end":{"line":52,"column":32}}},"4":{"name":"(anonymous_4)","line":56,"loc":{"start":{"line":56,"column":48},"end":{"line":56,"column":64}}},"5":{"name":"(anonymous_5)","line":59,"loc":{"start":{"line":59,"column":46},"end":{"line":59,"column":62}}},"6":{"name":"(anonymous_6)","line":89,"loc":{"start":{"line":89,"column":13},"end":{"line":89,"column":29}}},"7":{"name":"(anonymous_7)","line":100,"loc":{"start":{"line":100,"column":15},"end":{"line":100,"column":31}}},"8":{"name":"(anonymous_8)","line":115,"loc":{"start":{"line":115,"column":12},"end":{"line":115,"column":28}}},"9":{"name":"(anonymous_9)","line":131,"loc":{"start":{"line":131,"column":15},"end":{"line":131,"column":40}}},"10":{"name":"(anonymous_10)","line":132,"loc":{"start":{"line":132,"column":21},"end":{"line":132,"column":33}}},"11":{"name":"(anonymous_11)","line":135,"loc":{"start":{"line":135,"column":27},"end":{"line":135,"column":42}}},"12":{"name":"(anonymous_12)","line":161,"loc":{"start":{"line":161,"column":10},"end":{"line":161,"column":45}}},"13":{"name":"(anonymous_13)","line":167,"loc":{"start":{"line":167,"column":57},"end":{"line":167,"column":73}}},"14":{"name":"(anonymous_14)","line":170,"loc":{"start":{"line":170,"column":56},"end":{"line":170,"column":72}}},"15":{"name":"(anonymous_15)","line":181,"loc":{"start":{"line":181,"column":40},"end":{"line":181,"column":52}}},"16":{"name":"(anonymous_16)","line":187,"loc":{"start":{"line":187,"column":40},"end":{"line":187,"column":52}}},"17":{"name":"(anonymous_17)","line":203,"loc":{"start":{"line":203,"column":11},"end":{"line":203,"column":33}}},"18":{"name":"(anonymous_18)","line":213,"loc":{"start":{"line":213,"column":9},"end":{"line":213,"column":33}}},"19":{"name":"(anonymous_19)","line":216,"loc":{"start":{"line":216,"column":45},"end":{"line":216,"column":62}}},"20":{"name":"(anonymous_20)","line":227,"loc":{"start":{"line":227,"column":35},"end":{"line":227,"column":51}}},"21":{"name":"(anonymous_21)","line":231,"loc":{"start":{"line":231,"column":42},"end":{"line":231,"column":58}}},"22":{"name":"(anonymous_22)","line":234,"loc":{"start":{"line":234,"column":40},"end":{"line":234,"column":57}}},"23":{"name":"(anonymous_23)","line":242,"loc":{"start":{"line":242,"column":36},"end":{"line":242,"column":52}}},"24":{"name":"(anonymous_24)","line":259,"loc":{"start":{"line":259,"column":10},"end":{"line":259,"column":34}}},"25":{"name":"(anonymous_25)","line":262,"loc":{"start":{"line":262,"column":47},"end":{"line":262,"column":63}}},"26":{"name":"(anonymous_26)","line":265,"loc":{"start":{"line":265,"column":45},"end":{"line":265,"column":62}}},"27":{"name":"(anonymous_27)","line":274,"loc":{"start":{"line":274,"column":42},"end":{"line":274,"column":58}}},"28":{"name":"(anonymous_28)","line":278,"loc":{"start":{"line":278,"column":40},"end":{"line":278,"column":57}}}},"statementMap":{"1":{"start":{"line":6,"column":0},"end":{"line":287,"column":3}},"2":{"start":{"line":18,"column":8},"end":{"line":18,"column":42}},"3":{"start":{"line":19,"column":8},"end":{"line":26,"column":9}},"4":{"start":{"line":20,"column":12},"end":{"line":25,"column":13}},"5":{"start":{"line":21,"column":16},"end":{"line":21,"column":90}},"6":{"start":{"line":24,"column":16},"end":{"line":24,"column":35}},"7":{"start":{"line":44,"column":8},"end":{"line":44,"column":20}},"8":{"start":{"line":54,"column":8},"end":{"line":80,"column":9}},"9":{"start":{"line":55,"column":12},"end":{"line":55,"column":37}},"10":{"start":{"line":56,"column":12},"end":{"line":58,"column":15}},"11":{"start":{"line":57,"column":16},"end":{"line":57,"column":38}},"12":{"start":{"line":59,"column":12},"end":{"line":61,"column":15}},"13":{"start":{"line":60,"column":16},"end":{"line":60,"column":37}},"14":{"start":{"line":62,"column":12},"end":{"line":62,"column":57}},"15":{"start":{"line":67,"column":12},"end":{"line":67,"column":38}},"16":{"start":{"line":69,"column":12},"end":{"line":69,"column":29}},"17":{"start":{"line":71,"column":12},"end":{"line":79,"column":13}},"18":{"start":{"line":72,"column":16},"end":{"line":78,"column":17}},"19":{"start":{"line":74,"column":20},"end":{"line":74,"column":54}},"20":{"start":{"line":77,"column":20},"end":{"line":77,"column":39}},"21":{"start":{"line":90,"column":8},"end":{"line":90,"column":40}},"22":{"start":{"line":91,"column":8},"end":{"line":91,"column":33}},"23":{"start":{"line":92,"column":8},"end":{"line":92,"column":23}},"24":{"start":{"line":101,"column":8},"end":{"line":101,"column":33}},"25":{"start":{"line":102,"column":8},"end":{"line":102,"column":25}},"26":{"start":{"line":103,"column":8},"end":{"line":105,"column":9}},"27":{"start":{"line":104,"column":12},"end":{"line":104,"column":45}},"28":{"start":{"line":106,"column":8},"end":{"line":106,"column":20}},"29":{"start":{"line":116,"column":8},"end":{"line":116,"column":40}},"30":{"start":{"line":117,"column":8},"end":{"line":117,"column":32}},"31":{"start":{"line":118,"column":8},"end":{"line":118,"column":23}},"32":{"start":{"line":132,"column":8},"end":{"line":150,"column":9}},"33":{"start":{"line":133,"column":12},"end":{"line":133,"column":54}},"34":{"start":{"line":134,"column":12},"end":{"line":134,"column":62}},"35":{"start":{"line":135,"column":12},"end":{"line":146,"column":14}},"36":{"start":{"line":136,"column":16},"end":{"line":145,"column":17}},"37":{"start":{"line":137,"column":20},"end":{"line":137,"column":40}},"38":{"start":{"line":140,"column":20},"end":{"line":140,"column":83}},"39":{"start":{"line":141,"column":20},"end":{"line":143,"column":21}},"40":{"start":{"line":142,"column":24},"end":{"line":142,"column":61}},"41":{"start":{"line":144,"column":20},"end":{"line":144,"column":53}},"42":{"start":{"line":147,"column":12},"end":{"line":147,"column":53}},"43":{"start":{"line":148,"column":12},"end":{"line":148,"column":38}},"44":{"start":{"line":149,"column":12},"end":{"line":149,"column":27}},"45":{"start":{"line":151,"column":8},"end":{"line":151,"column":22}},"46":{"start":{"line":162,"column":8},"end":{"line":162,"column":54}},"47":{"start":{"line":163,"column":8},"end":{"line":163,"column":52}},"48":{"start":{"line":166,"column":8},"end":{"line":166,"column":50}},"49":{"start":{"line":167,"column":8},"end":{"line":169,"column":11}},"50":{"start":{"line":168,"column":12},"end":{"line":168,"column":49}},"51":{"start":{"line":170,"column":8},"end":{"line":172,"column":11}},"52":{"start":{"line":171,"column":12},"end":{"line":171,"column":47}},"53":{"start":{"line":174,"column":8},"end":{"line":174,"column":49}},"54":{"start":{"line":175,"column":8},"end":{"line":175,"column":81}},"55":{"start":{"line":176,"column":8},"end":{"line":176,"column":47}},"56":{"start":{"line":177,"column":8},"end":{"line":177,"column":78}},"57":{"start":{"line":180,"column":8},"end":{"line":190,"column":9}},"58":{"start":{"line":181,"column":12},"end":{"line":183,"column":19}},"59":{"start":{"line":182,"column":16},"end":{"line":182,"column":43}},"60":{"start":{"line":186,"column":13},"end":{"line":190,"column":9}},"61":{"start":{"line":187,"column":12},"end":{"line":189,"column":19}},"62":{"start":{"line":188,"column":16},"end":{"line":188,"column":42}},"63":{"start":{"line":193,"column":8},"end":{"line":193,"column":23}},"64":{"start":{"line":204,"column":8},"end":{"line":204,"column":36}},"65":{"start":{"line":214,"column":8},"end":{"line":214,"column":40}},"66":{"start":{"line":215,"column":8},"end":{"line":215,"column":43}},"67":{"start":{"line":216,"column":8},"end":{"line":218,"column":12}},"68":{"start":{"line":217,"column":12},"end":{"line":217,"column":34}},"69":{"start":{"line":220,"column":8},"end":{"line":220,"column":28}},"70":{"start":{"line":221,"column":8},"end":{"line":240,"column":9}},"71":{"start":{"line":222,"column":12},"end":{"line":222,"column":51}},"72":{"start":{"line":223,"column":12},"end":{"line":223,"column":43}},"73":{"start":{"line":224,"column":12},"end":{"line":224,"column":46}},"74":{"start":{"line":225,"column":12},"end":{"line":225,"column":52}},"75":{"start":{"line":226,"column":12},"end":{"line":226,"column":38}},"76":{"start":{"line":227,"column":12},"end":{"line":229,"column":15}},"77":{"start":{"line":228,"column":16},"end":{"line":228,"column":28}},"78":{"start":{"line":231,"column":12},"end":{"line":233,"column":33}},"79":{"start":{"line":232,"column":16},"end":{"line":232,"column":59}},"80":{"start":{"line":234,"column":12},"end":{"line":237,"column":33}},"81":{"start":{"line":235,"column":16},"end":{"line":235,"column":51}},"82":{"start":{"line":236,"column":16},"end":{"line":236,"column":39}},"83":{"start":{"line":239,"column":12},"end":{"line":239,"column":77}},"84":{"start":{"line":242,"column":8},"end":{"line":248,"column":26}},"85":{"start":{"line":243,"column":12},"end":{"line":243,"column":33}},"86":{"start":{"line":244,"column":12},"end":{"line":246,"column":13}},"87":{"start":{"line":245,"column":16},"end":{"line":245,"column":44}},"88":{"start":{"line":247,"column":12},"end":{"line":247,"column":41}},"89":{"start":{"line":250,"column":8},"end":{"line":250,"column":23}},"90":{"start":{"line":260,"column":8},"end":{"line":260,"column":40}},"91":{"start":{"line":261,"column":8},"end":{"line":261,"column":43}},"92":{"start":{"line":262,"column":8},"end":{"line":264,"column":12}},"93":{"start":{"line":263,"column":12},"end":{"line":263,"column":34}},"94":{"start":{"line":265,"column":8},"end":{"line":267,"column":12}},"95":{"start":{"line":266,"column":12},"end":{"line":266,"column":34}},"96":{"start":{"line":269,"column":8},"end":{"line":269,"column":28}},"97":{"start":{"line":270,"column":8},"end":{"line":283,"column":9}},"98":{"start":{"line":271,"column":12},"end":{"line":271,"column":51}},"99":{"start":{"line":272,"column":12},"end":{"line":272,"column":43}},"100":{"start":{"line":273,"column":12},"end":{"line":273,"column":46}},"101":{"start":{"line":274,"column":12},"end":{"line":277,"column":24}},"102":{"start":{"line":275,"column":16},"end":{"line":275,"column":43}},"103":{"start":{"line":276,"column":16},"end":{"line":276,"column":30}},"104":{"start":{"line":278,"column":12},"end":{"line":281,"column":24}},"105":{"start":{"line":279,"column":16},"end":{"line":279,"column":42}},"106":{"start":{"line":280,"column":16},"end":{"line":280,"column":30}},"107":{"start":{"line":282,"column":12},"end":{"line":282,"column":77}},"108":{"start":{"line":284,"column":8},"end":{"line":284,"column":23}}},"branchMap":{"1":{"line":19,"type":"if","locations":[{"start":{"line":19,"column":8},"end":{"line":19,"column":8}},{"start":{"line":19,"column":8},"end":{"line":19,"column":8}}]},"2":{"line":54,"type":"if","locations":[{"start":{"line":54,"column":8},"end":{"line":54,"column":8}},{"start":{"line":54,"column":8},"end":{"line":54,"column":8}}]},"3":{"line":54,"type":"binary-expr","locations":[{"start":{"line":54,"column":12},"end":{"line":54,"column":16}},{"start":{"line":54,"column":20},"end":{"line":54,"column":51}}]},"4":{"line":71,"type":"if","locations":[{"start":{"line":71,"column":12},"end":{"line":71,"column":12}},{"start":{"line":71,"column":12},"end":{"line":71,"column":12}}]},"5":{"line":71,"type":"binary-expr","locations":[{"start":{"line":71,"column":16},"end":{"line":71,"column":33}},{"start":{"line":71,"column":37},"end":{"line":71,"column":68}}]},"6":{"line":103,"type":"if","locations":[{"start":{"line":103,"column":8},"end":{"line":103,"column":8}},{"start":{"line":103,"column":8},"end":{"line":103,"column":8}}]},"7":{"line":103,"type":"binary-expr","locations":[{"start":{"line":103,"column":12},"end":{"line":103,"column":29}},{"start":{"line":103,"column":33},"end":{"line":103,"column":64}}]},"8":{"line":136,"type":"if","locations":[{"start":{"line":136,"column":16},"end":{"line":136,"column":16}},{"start":{"line":136,"column":16},"end":{"line":136,"column":16}}]},"9":{"line":141,"type":"if","locations":[{"start":{"line":141,"column":20},"end":{"line":141,"column":20}},{"start":{"line":141,"column":20},"end":{"line":141,"column":20}}]},"10":{"line":162,"type":"binary-expr","locations":[{"start":{"line":162,"column":22},"end":{"line":162,"column":33}},{"start":{"line":162,"column":37},"end":{"line":162,"column":53}}]},"11":{"line":163,"type":"binary-expr","locations":[{"start":{"line":163,"column":21},"end":{"line":163,"column":31}},{"start":{"line":163,"column":35},"end":{"line":163,"column":51}}]},"12":{"line":180,"type":"if","locations":[{"start":{"line":180,"column":8},"end":{"line":180,"column":8}},{"start":{"line":180,"column":8},"end":{"line":180,"column":8}}]},"13":{"line":186,"type":"if","locations":[{"start":{"line":186,"column":13},"end":{"line":186,"column":13}},{"start":{"line":186,"column":13},"end":{"line":186,"column":13}}]}}},"D:\\code\\github\\sojs\\src\\sojs\\loader.js":{"path":"D:\\code\\github\\sojs\\src\\sojs\\loader.js","s":{"1":1,"2":1,"3":0,"4":0,"5":0,"6":0,"7":0,"8":0,"9":0,"10":0,"11":0,"12":0,"13":0,"14":0,"15":0,"16":0,"17":0,"18":0,"19":0,"20":0,"21":0,"22":0,"23":0,"24":0,"25":0,"26":0,"27":0,"28":0,"29":0,"30":0,"31":0,"32":0,"33":0,"34":0,"35":0,"36":0,"37":0,"38":0,"39":0,"40":0,"41":0,"42":0,"43":0,"44":0,"45":0},"b":{"1":[0,0],"2":[0,0],"3":[0,0],"4":[0,0],"5":[0,0],"6":[0,0],"7":[0,0],"8":[0,0],"9":[0,0],"10":[0,0]},"f":{"1":1,"2":0,"3":0,"4":0,"5":0,"6":0,"7":0,"8":0,"9":0},"fnMap":{"1":{"name":"(anonymous_1)","line":13,"loc":{"start":{"line":13,"column":13},"end":{"line":13,"column":25}}},"2":{"name":"(anonymous_2)","line":25,"loc":{"start":{"line":25,"column":16},"end":{"line":25,"column":50}}},"3":{"name":"(anonymous_3)","line":36,"loc":{"start":{"line":36,"column":31},"end":{"line":36,"column":43}}},"4":{"name":"(anonymous_4)","line":52,"loc":{"start":{"line":52,"column":69},"end":{"line":52,"column":82}}},"5":{"name":"(anonymous_5)","line":70,"loc":{"start":{"line":70,"column":21},"end":{"line":70,"column":59}}},"6":{"name":"(anonymous_6)","line":75,"loc":{"start":{"line":75,"column":51},"end":{"line":75,"column":63}}},"7":{"name":"(anonymous_7)","line":85,"loc":{"start":{"line":85,"column":44},"end":{"line":85,"column":56}}},"8":{"name":"(anonymous_8)","line":95,"loc":{"start":{"line":95,"column":49},"end":{"line":95,"column":76}}},"9":{"name":"(anonymous_9)","line":106,"loc":{"start":{"line":106,"column":46},"end":{"line":106,"column":71}}}},"statementMap":{"1":{"start":{"line":7,"column":0},"end":{"line":115,"column":3}},"2":{"start":{"line":14,"column":8},"end":{"line":14,"column":42}},"3":{"start":{"line":26,"column":8},"end":{"line":29,"column":9}},"4":{"start":{"line":27,"column":12},"end":{"line":27,"column":31}},"5":{"start":{"line":28,"column":12},"end":{"line":28,"column":30}},"6":{"start":{"line":30,"column":8},"end":{"line":30,"column":37}},"7":{"start":{"line":32,"column":8},"end":{"line":34,"column":9}},"8":{"start":{"line":33,"column":12},"end":{"line":33,"column":35}},"9":{"start":{"line":36,"column":8},"end":{"line":37,"column":14}},"10":{"start":{"line":40,"column":8},"end":{"line":40,"column":42}},"11":{"start":{"line":41,"column":8},"end":{"line":43,"column":9}},"12":{"start":{"line":42,"column":12},"end":{"line":42,"column":19}},"13":{"start":{"line":44,"column":8},"end":{"line":44,"column":30}},"14":{"start":{"line":47,"column":8},"end":{"line":47,"column":54}},"15":{"start":{"line":48,"column":8},"end":{"line":48,"column":40}},"16":{"start":{"line":49,"column":8},"end":{"line":49,"column":28}},"17":{"start":{"line":51,"column":8},"end":{"line":51,"column":25}},"18":{"start":{"line":52,"column":8},"end":{"line":58,"column":10}},"19":{"start":{"line":53,"column":12},"end":{"line":57,"column":13}},"20":{"start":{"line":54,"column":16},"end":{"line":54,"column":82}},"21":{"start":{"line":55,"column":16},"end":{"line":55,"column":35}},"22":{"start":{"line":56,"column":16},"end":{"line":56,"column":27}},"23":{"start":{"line":59,"column":8},"end":{"line":59,"column":59}},"24":{"start":{"line":60,"column":8},"end":{"line":60,"column":45}},"25":{"start":{"line":61,"column":8},"end":{"line":61,"column":20}},"26":{"start":{"line":72,"column":8},"end":{"line":72,"column":50}},"27":{"start":{"line":74,"column":8},"end":{"line":78,"column":9}},"28":{"start":{"line":75,"column":12},"end":{"line":77,"column":15}},"29":{"start":{"line":76,"column":16},"end":{"line":76,"column":49}},"30":{"start":{"line":81,"column":8},"end":{"line":111,"column":9}},"31":{"start":{"line":82,"column":12},"end":{"line":82,"column":52}},"32":{"start":{"line":84,"column":12},"end":{"line":88,"column":13}},"33":{"start":{"line":85,"column":16},"end":{"line":87,"column":19}},"34":{"start":{"line":86,"column":20},"end":{"line":86,"column":32}},"35":{"start":{"line":91,"column":12},"end":{"line":91,"column":62}},"36":{"start":{"line":94,"column":12},"end":{"line":99,"column":13}},"37":{"start":{"line":95,"column":16},"end":{"line":97,"column":46}},"38":{"start":{"line":96,"column":20},"end":{"line":96,"column":43}},"39":{"start":{"line":98,"column":16},"end":{"line":98,"column":63}},"40":{"start":{"line":102,"column":12},"end":{"line":102,"column":62}},"41":{"start":{"line":105,"column":12},"end":{"line":105,"column":55}},"42":{"start":{"line":106,"column":12},"end":{"line":108,"column":30}},"43":{"start":{"line":107,"column":16},"end":{"line":107,"column":59}},"44":{"start":{"line":109,"column":12},"end":{"line":109,"column":45}},"45":{"start":{"line":112,"column":8},"end":{"line":112,"column":20}}},"branchMap":{"1":{"line":26,"type":"if","locations":[{"start":{"line":26,"column":8},"end":{"line":26,"column":8}},{"start":{"line":26,"column":8},"end":{"line":26,"column":8}}]},"2":{"line":30,"type":"binary-expr","locations":[{"start":{"line":30,"column":18},"end":{"line":30,"column":25}},{"start":{"line":30,"column":29},"end":{"line":30,"column":36}}]},"3":{"line":32,"type":"if","locations":[{"start":{"line":32,"column":8},"end":{"line":32,"column":8}},{"start":{"line":32,"column":8},"end":{"line":32,"column":8}}]},"4":{"line":36,"type":"binary-expr","locations":[{"start":{"line":36,"column":19},"end":{"line":36,"column":27}},{"start":{"line":36,"column":31},"end":{"line":37,"column":13}}]},"5":{"line":40,"type":"binary-expr","locations":[{"start":{"line":40,"column":23},"end":{"line":40,"column":35}},{"start":{"line":40,"column":39},"end":{"line":40,"column":41}}]},"6":{"line":41,"type":"if","locations":[{"start":{"line":41,"column":8},"end":{"line":41,"column":8}},{"start":{"line":41,"column":8},"end":{"line":41,"column":8}}]},"7":{"line":53,"type":"if","locations":[{"start":{"line":53,"column":12},"end":{"line":53,"column":12}},{"start":{"line":53,"column":12},"end":{"line":53,"column":12}}]},"8":{"line":74,"type":"if","locations":[{"start":{"line":74,"column":8},"end":{"line":74,"column":8}},{"start":{"line":74,"column":8},"end":{"line":74,"column":8}}]},"9":{"line":84,"type":"if","locations":[{"start":{"line":84,"column":12},"end":{"line":84,"column":12}},{"start":{"line":84,"column":12},"end":{"line":84,"column":12}}]},"10":{"line":94,"type":"if","locations":[{"start":{"line":94,"column":12},"end":{"line":94,"column":12}},{"start":{"line":94,"column":12},"end":{"line":94,"column":12}}]}}}}