TN:
SF:D:\code\github\sojs\tool\unit.js
FN:12,(anonymous_1)
FN:17,(anonymous_2)
FN:25,(anonymous_3)
FN:26,(anonymous_4)
FNF:4
FNH:3
FNDA:6,(anonymous_1)
FNDA:5,(anonymous_2)
FNDA:1,(anonymous_3)
FNDA:0,(anonymous_4)
DA:1,1
DA:6,1
DA:12,1
DA:14,6
DA:19,5
DA:25,1
DA:26,1
DA:27,0
LF:8
LH:7
BRF:0
BRH:0
end_of_record
TN:
SF:D:\code\github\sojs\src\sojs.js
FN:6,(anonymous_1)
FN:26,(anonymous_2)
FN:32,(anonymous_3)
FN:74,(anonymous_4)
FN:100,(anonymous_5)
FN:137,(anonymous_6)
FN:159,(anonymous_7)
FN:222,(anonymous_8)
FN:223,(anonymous_9)
FN:237,(anonymous_10)
FN:285,(anonymous_11)
FN:289,(anonymous_12)
FN:301,(anonymous_13)
FN:325,(anonymous_14)
FN:355,(anonymous_15)
FN:372,(anonymous_16)
FN:408,(anonymous_17)
FN:441,(anonymous_18)
FN:456,(anonymous_19)
FN:476,(anonymous_20)
FNF:20
FNH:20
FNDA:2,(anonymous_1)
FNDA:30,(anonymous_2)
FNDA:2,(anonymous_3)
FNDA:24,(anonymous_4)
FNDA:14,(anonymous_5)
FNDA:10,(anonymous_6)
FNDA:40,(anonymous_7)
FNDA:1,(anonymous_8)
FNDA:1,(anonymous_9)
FNDA:44,(anonymous_10)
FNDA:192,(anonymous_11)
FNDA:103,(anonymous_12)
FNDA:194,(anonymous_13)
FNDA:4,(anonymous_14)
FNDA:183,(anonymous_15)
FNDA:90,(anonymous_16)
FNDA:41,(anonymous_17)
FNDA:183,(anonymous_18)
FNDA:37,(anonymous_19)
FNDA:37,(anonymous_20)
DA:6,2
DA:9,2
DA:34,2
DA:37,2
DA:38,1
DA:39,1
DA:42,1
DA:43,1
DA:46,2
DA:48,2
DA:51,2
DA:52,2
DA:53,2
DA:54,2
DA:60,2
DA:61,2
DA:62,1
DA:64,2
DA:65,2
DA:75,24
DA:76,24
DA:77,24
DA:78,23
DA:79,42
DA:80,42
DA:81,22
DA:84,20
DA:88,24
DA:101,14
DA:102,14
DA:104,5
DA:105,5
DA:106,5
DA:109,5
DA:111,9
DA:113,2
DA:117,7
DA:118,7
DA:119,12
DA:120,12
DA:123,12
DA:127,9
DA:128,9
DA:138,10
DA:139,10
DA:141,10
DA:143,10
DA:144,10
DA:145,6
DA:147,10
DA:149,10
DA:160,40
DA:161,40
DA:162,40
DA:163,40
DA:164,40
DA:165,13
DA:166,13
DA:168,13
DA:169,2
DA:171,2
DA:172,1
DA:177,11
DA:178,11
DA:184,13
DA:185,1
DA:187,12
DA:189,12
DA:191,4
DA:193,3
DA:194,3
DA:197,1
DA:201,4
DA:202,2
DA:206,8
DA:208,1
DA:213,40
DA:223,1
DA:225,1
DA:226,1
DA:227,1
DA:238,44
DA:239,8
DA:241,44
DA:242,44
DA:243,44
DA:244,41
DA:246,1
DA:247,1
DA:249,40
DA:251,1
DA:252,1
DA:253,3
DA:256,39
DA:258,33
DA:259,33
DA:260,33
DA:261,33
DA:262,33
DA:268,6
DA:273,3
DA:275,44
DA:286,192
DA:287,192
DA:288,192
DA:289,192
DA:290,103
DA:291,103
DA:302,194
DA:303,194
DA:304,194
DA:305,194
DA:306,194
DA:307,212
DA:308,203
DA:311,9
DA:312,9
DA:316,194
DA:326,4
DA:327,4
DA:328,3
DA:329,3
DA:330,1
DA:331,1
DA:332,1
DA:335,2
DA:339,1
DA:341,4
DA:357,183
DA:358,56
DA:362,183
DA:363,183
DA:373,90
DA:375,90
DA:376,90
DA:378,4
DA:379,4
DA:382,1
DA:388,86
DA:389,1
DA:390,1
DA:393,1
DA:397,89
DA:399,89
DA:410,41
DA:411,41
DA:413,41
DA:416,34
DA:417,7
DA:418,7
DA:419,7
DA:420,4
DA:422,7
DA:423,4
DA:429,41
DA:430,41
DA:433,41
DA:434,41
DA:435,41
DA:436,41
DA:437,41
DA:439,41
DA:441,41
DA:443,183
DA:444,3
DA:445,5
DA:446,5
DA:449,183
DA:452,41
DA:454,41
DA:456,41
DA:458,37
DA:459,37
DA:460,596
DA:461,596
DA:462,596
DA:467,19
DA:472,37
DA:473,37
DA:476,41
DA:477,37
DA:478,37
DA:482,41
DA:483,41
DA:484,41
DA:485,41
DA:486,41
DA:487,86
DA:488,86
DA:489,74
DA:490,74
DA:497,41
DA:498,41
DA:499,41
DA:502,41
DA:504,39
DA:505,35
DA:506,2
DA:507,2
DA:511,39
DA:512,39
DA:513,39
DA:516,39
DA:519,39
DA:520,2
DA:521,2
DA:524,1
DA:528,1
DA:534,37
DA:540,40
DA:541,15
DA:545,40
DA:547,40
DA:552,2
LF:214
LH:214
BRDA:37,1,0,1
BRDA:37,1,1,1
BRDA:37,2,0,2
BRDA:37,2,1,1
BRDA:37,2,2,1
BRDA:37,2,3,1
BRDA:48,3,0,1
BRDA:48,3,1,1
BRDA:51,4,0,2
BRDA:51,4,1,0
BRDA:53,5,0,2
BRDA:53,5,1,0
BRDA:53,6,0,2
BRDA:53,6,1,2
BRDA:61,7,0,1
BRDA:61,7,1,1
BRDA:65,8,0,2
BRDA:65,8,1,2
BRDA:75,9,0,23
BRDA:75,9,1,1
BRDA:77,10,0,23
BRDA:77,10,1,1
BRDA:80,11,0,22
BRDA:80,11,1,20
BRDA:102,12,0,5
BRDA:102,12,1,9
BRDA:105,13,0,5
BRDA:105,13,1,0
BRDA:105,14,0,5
BRDA:105,14,1,5
BRDA:111,15,0,2
BRDA:111,15,1,7
BRDA:120,16,0,12
BRDA:120,16,1,5
BRDA:138,17,0,10
BRDA:138,17,1,0
BRDA:144,18,0,6
BRDA:144,18,1,4
BRDA:144,19,0,10
BRDA:144,19,1,10
BRDA:160,20,0,40
BRDA:160,20,1,39
BRDA:165,21,0,13
BRDA:165,21,1,0
BRDA:165,22,0,13
BRDA:165,22,1,13
BRDA:168,23,0,2
BRDA:168,23,1,11
BRDA:171,24,0,1
BRDA:171,24,1,1
BRDA:171,25,0,2
BRDA:171,25,1,2
BRDA:184,26,0,1
BRDA:184,26,1,12
BRDA:184,27,0,13
BRDA:184,27,1,12
BRDA:189,28,0,4
BRDA:189,28,1,8
BRDA:191,29,0,3
BRDA:191,29,1,1
BRDA:201,30,0,2
BRDA:201,30,1,2
BRDA:206,31,0,1
BRDA:206,31,1,7
BRDA:238,32,0,8
BRDA:238,32,1,36
BRDA:243,33,0,41
BRDA:243,33,1,3
BRDA:244,34,0,1
BRDA:244,34,1,40
BRDA:249,35,0,1
BRDA:249,35,1,39
BRDA:256,36,0,33
BRDA:256,36,1,6
BRDA:260,37,0,33
BRDA:260,37,1,0
BRDA:288,38,0,33
BRDA:288,38,1,159
BRDA:303,39,0,194
BRDA:303,39,1,0
BRDA:307,40,0,203
BRDA:307,40,1,9
BRDA:307,41,0,212
BRDA:307,41,1,210
BRDA:327,42,0,3
BRDA:327,42,1,1
BRDA:329,43,0,1
BRDA:329,43,1,2
BRDA:357,44,0,56
BRDA:357,44,1,127
BRDA:375,45,0,90
BRDA:375,45,1,0
BRDA:376,46,0,4
BRDA:376,46,1,86
BRDA:388,47,0,1
BRDA:388,47,1,85
BRDA:388,48,0,86
BRDA:388,48,1,86
BRDA:413,49,0,34
BRDA:413,49,1,7
BRDA:416,50,0,7
BRDA:416,50,1,27
BRDA:416,51,0,34
BRDA:416,51,1,29
BRDA:419,52,0,4
BRDA:419,52,1,3
BRDA:419,53,0,7
BRDA:419,53,1,5
BRDA:419,53,2,4
BRDA:422,54,0,4
BRDA:422,54,1,3
BRDA:422,55,0,7
BRDA:422,55,1,5
BRDA:429,56,0,41
BRDA:429,56,1,1
BRDA:430,57,0,41
BRDA:430,57,1,12
BRDA:435,58,0,29
BRDA:435,58,1,12
BRDA:443,59,0,3
BRDA:443,59,1,180
BRDA:443,60,0,183
BRDA:443,60,1,183
BRDA:452,61,0,41
BRDA:452,61,1,36
BRDA:454,62,0,41
BRDA:454,62,1,32
BRDA:460,63,0,596
BRDA:460,63,1,0
BRDA:462,64,0,19
BRDA:462,64,1,577
BRDA:462,65,0,596
BRDA:462,65,1,85
BRDA:462,65,2,81
BRDA:462,65,3,74
BRDA:462,65,4,29
BRDA:462,65,5,14
BRDA:488,66,0,74
BRDA:488,66,1,12
BRDA:489,67,0,74
BRDA:489,67,1,16
BRDA:497,68,0,41
BRDA:497,68,1,34
BRDA:502,69,0,39
BRDA:502,69,1,2
BRDA:502,70,0,41
BRDA:502,70,1,5
BRDA:504,71,0,35
BRDA:504,71,1,4
BRDA:504,72,0,39
BRDA:504,72,1,5
BRDA:506,73,0,2
BRDA:506,73,1,0
BRDA:506,74,0,2
BRDA:506,74,1,2
BRDA:519,75,0,2
BRDA:519,75,1,37
BRDA:520,76,0,2
BRDA:520,76,1,1
BRDA:521,77,0,1
BRDA:521,77,1,1
BRDA:521,78,0,2
BRDA:521,78,1,1
BRDA:540,79,0,15
BRDA:540,79,1,25
BRDA:540,80,0,40
BRDA:540,80,1,34
BRF:167
BRH:157
end_of_record
TN:
SF:D:\code\github\sojs\src\sojs\event.js
FN:82,(anonymous_1)
FN:88,(anonymous_2)
FN:103,(anonymous_3)
FN:117,(anonymous_4)
FN:133,(anonymous_5)
FN:154,(anonymous_6)
FN:178,(anonymous_7)
FN:214,(anonymous_8)
FN:265,(anonymous_9)
FN:306,(anonymous_10)
FN:404,(anonymous_11)
FNF:11
FNH:11
FNDA:1,(anonymous_1)
FNDA:98,(anonymous_2)
FNDA:213,(anonymous_3)
FNDA:113,(anonymous_4)
FNDA:119,(anonymous_5)
FNDA:111,(anonymous_6)
FNDA:33,(anonymous_7)
FNDA:73,(anonymous_8)
FNDA:97,(anonymous_9)
FNDA:174,(anonymous_10)
FNDA:6,(anonymous_11)
DA:34,1
DA:89,98
DA:90,98
DA:91,98
DA:104,213
DA:105,213
DA:106,213
DA:118,113
DA:127,113
DA:134,119
DA:145,119
DA:156,111
DA:157,111
DA:160,111
DA:161,2
DA:162,2
DA:165,2
DA:167,111
DA:179,33
DA:181,10
DA:182,22
DA:183,22
DA:188,23
DA:189,23
DA:190,23
DA:191,24
DA:193,2
DA:194,1
DA:195,1
DA:200,22
DA:201,22
DA:215,73
DA:216,73
DA:218,73
DA:220,5
DA:224,68
DA:225,68
DA:226,69
DA:227,69
DA:229,69
DA:230,69
DA:232,59
DA:235,10
DA:237,1
DA:241,69
DA:242,69
DA:243,60
DA:250,71
DA:251,56
DA:252,56
DA:255,71
DA:266,97
DA:269,97
DA:270,97
DA:273,97
DA:274,99
DA:279,97
DA:280,97
DA:283,97
DA:284,103
DA:286,103
DA:287,103
DA:289,103
DA:290,103
DA:291,103
DA:296,97
DA:297,97
DA:299,97
DA:307,174
DA:310,174
DA:311,174
DA:312,174
DA:313,27
DA:314,27
DA:316,27
DA:317,12
DA:324,174
DA:325,9
DA:329,165
DA:330,165
DA:331,165
DA:332,165
DA:333,162
DA:334,162
DA:335,162
DA:337,103
DA:338,103
DA:344,165
DA:346,62
DA:349,62
DA:350,62
DA:351,54
DA:352,54
DA:353,54
DA:354,54
DA:355,51
DA:358,54
DA:359,51
DA:365,62
DA:366,50
DA:367,52
DA:368,52
DA:369,52
DA:370,52
DA:372,51
DA:375,1
DA:377,1
DA:380,52
DA:381,52
DA:382,52
DA:388,62
DA:389,62
DA:390,12
DA:391,12
DA:396,165
DA:405,6
DA:406,6
DA:407,6
DA:408,6
DA:409,12
DA:410,12
DA:413,12
DA:416,12
DA:421,12
DA:422,17
DA:423,17
DA:424,17
DA:425,17
DA:426,22
DA:427,22
DA:428,22
DA:430,22
DA:431,22
LF:133
LH:133
BRDA:105,1,0,3
BRDA:105,1,1,210
BRDA:156,2,0,111
BRDA:156,2,1,108
BRDA:160,3,0,2
BRDA:160,3,1,109
BRDA:160,4,0,111
BRDA:160,4,1,3
BRDA:179,5,0,10
BRDA:179,5,1,23
BRDA:179,6,0,33
BRDA:179,6,1,10
BRDA:182,7,0,22
BRDA:182,7,1,0
BRDA:182,8,0,22
BRDA:182,8,1,22
BRDA:182,8,2,22
BRDA:189,9,0,23
BRDA:189,9,1,0
BRDA:189,10,0,23
BRDA:189,10,1,23
BRDA:189,10,2,23
BRDA:191,11,0,2
BRDA:191,11,1,22
BRDA:193,12,0,1
BRDA:193,12,1,1
BRDA:215,13,0,73
BRDA:215,13,1,2
BRDA:218,14,0,5
BRDA:218,14,1,68
BRDA:218,15,0,73
BRDA:218,15,1,73
BRDA:224,16,0,68
BRDA:224,16,1,0
BRDA:224,17,0,68
BRDA:224,17,1,68
BRDA:230,18,0,59
BRDA:230,18,1,10
BRDA:235,19,0,1
BRDA:235,19,1,9
BRDA:235,20,0,10
BRDA:235,20,1,1
BRDA:242,21,0,60
BRDA:242,21,1,9
BRDA:242,22,0,69
BRDA:242,22,1,60
BRDA:251,23,0,56
BRDA:251,23,1,0
BRDA:251,24,0,56
BRDA:251,24,1,56
BRDA:251,24,2,56
BRDA:266,25,0,97
BRDA:266,25,1,96
BRDA:269,26,0,97
BRDA:269,26,1,0
BRDA:270,27,0,2
BRDA:270,27,1,95
BRDA:280,28,0,93
BRDA:280,28,1,4
BRDA:286,29,0,103
BRDA:286,29,1,0
BRDA:289,30,0,103
BRDA:289,30,1,3
BRDA:296,31,0,97
BRDA:296,31,1,0
BRDA:307,32,0,174
BRDA:307,32,1,1
BRDA:313,33,0,27
BRDA:313,33,1,0
BRDA:313,34,0,27
BRDA:313,34,1,27
BRDA:314,35,0,27
BRDA:314,35,1,0
BRDA:316,36,0,12
BRDA:316,36,1,15
BRDA:324,37,0,9
BRDA:324,37,1,165
BRDA:333,38,0,162
BRDA:333,38,1,0
BRDA:333,39,0,162
BRDA:333,39,1,162
BRDA:333,39,2,162
BRDA:334,40,0,162
BRDA:334,40,1,0
BRDA:335,41,0,103
BRDA:335,41,1,59
BRDA:344,42,0,62
BRDA:344,42,1,103
BRDA:351,43,0,54
BRDA:351,43,1,0
BRDA:351,44,0,54
BRDA:351,44,1,54
BRDA:351,44,2,54
BRDA:358,45,0,51
BRDA:358,45,1,3
BRDA:365,46,0,50
BRDA:365,46,1,12
BRDA:365,47,0,62
BRDA:365,47,1,62
BRDA:370,48,0,51
BRDA:370,48,1,1
BRDA:375,49,0,1
BRDA:375,49,1,0
BRDA:375,50,0,1
BRDA:375,50,1,1
BRDA:381,51,0,52
BRDA:381,51,1,0
BRDA:381,52,0,52
BRDA:381,52,1,52
BRDA:390,53,0,12
BRDA:390,53,1,0
BRDA:390,54,0,12
BRDA:390,54,1,12
BRDA:413,55,0,5
BRDA:413,55,1,7
BRDA:416,56,0,5
BRDA:416,56,1,7
BRDA:423,57,0,17
BRDA:423,57,1,6
BRDA:427,58,0,22
BRDA:427,58,1,16
BRF:121
BRH:106
end_of_record
TN:
SF:D:\code\github\sojs\src\sojs\promise.js
FN:17,(anonymous_1)
FN:43,(anonymous_2)
FN:52,(anonymous_3)
FN:56,(anonymous_4)
FN:59,(anonymous_5)
FN:89,(anonymous_6)
FN:100,(anonymous_7)
FN:115,(anonymous_8)
FN:131,(anonymous_9)
FN:132,(anonymous_10)
FN:135,(anonymous_11)
FN:161,(anonymous_12)
FN:167,(anonymous_13)
FN:170,(anonymous_14)
FN:181,(anonymous_15)
FN:187,(anonymous_16)
FN:203,(anonymous_17)
FN:213,(anonymous_18)
FN:216,(anonymous_19)
FN:227,(anonymous_20)
FN:231,(anonymous_21)
FN:234,(anonymous_22)
FN:242,(anonymous_23)
FN:259,(anonymous_24)
FN:262,(anonymous_25)
FN:265,(anonymous_26)
FN:274,(anonymous_27)
FN:278,(anonymous_28)
FNF:28
FNH:28
FNDA:81,(anonymous_1)
FNDA:9,(anonymous_2)
FNDA:58,(anonymous_3)
FNDA:1,(anonymous_4)
FNDA:1,(anonymous_5)
FNDA:6,(anonymous_6)
FNDA:39,(anonymous_7)
FNDA:2,(anonymous_8)
FNDA:2,(anonymous_9)
FNDA:2,(anonymous_10)
FNDA:2,(anonymous_11)
FNDA:46,(anonymous_12)
FNDA:26,(anonymous_13)
FNDA:20,(anonymous_14)
FNDA:7,(anonymous_15)
FNDA:5,(anonymous_16)
FNDA:11,(anonymous_17)
FNDA:2,(anonymous_18)
FNDA:1,(anonymous_19)
FNDA:3,(anonymous_20)
FNDA:5,(anonymous_21)
FNDA:1,(anonymous_22)
FNDA:1,(anonymous_23)
FNDA:3,(anonymous_24)
FNDA:1,(anonymous_25)
FNDA:2,(anonymous_26)
FNDA:7,(anonymous_27)
FNDA:2,(anonymous_28)
DA:6,1
DA:18,81
DA:19,81
DA:20,20
DA:21,20
DA:24,1
DA:44,9
DA:54,58
DA:55,2
DA:56,2
DA:57,1
DA:59,2
DA:60,1
DA:62,2
DA:67,56
DA:69,56
DA:71,56
DA:72,28
DA:74,28
DA:77,2
DA:90,6
DA:91,6
DA:92,6
DA:101,39
DA:102,39
DA:103,39
DA:104,20
DA:106,39
DA:116,2
DA:117,2
DA:118,2
DA:132,2
DA:133,2
DA:134,2
DA:135,2
DA:136,2
DA:137,1
DA:140,1
DA:141,1
DA:142,1
DA:144,1
DA:147,2
DA:148,2
DA:149,2
DA:151,2
DA:162,46
DA:163,46
DA:166,46
DA:167,46
DA:168,26
DA:170,46
DA:171,20
DA:174,46
DA:175,46
DA:176,46
DA:177,46
DA:180,46
DA:181,7
DA:182,7
DA:186,39
DA:187,5
DA:188,5
DA:193,46
DA:204,11
DA:214,2
DA:215,2
DA:216,2
DA:217,1
DA:220,2
DA:221,2
DA:222,6
DA:223,6
DA:224,6
DA:225,6
DA:226,6
DA:227,6
DA:228,3
DA:231,6
DA:232,5
DA:234,6
DA:235,1
DA:236,1
DA:239,6
DA:242,2
DA:243,1
DA:244,1
DA:245,3
DA:247,1
DA:250,2
DA:260,3
DA:261,3
DA:262,3
DA:263,1
DA:265,3
DA:266,2
DA:269,3
DA:270,3
DA:271,9
DA:272,9
DA:273,9
DA:274,9
DA:275,7
DA:276,7
DA:278,9
DA:279,2
DA:280,2
DA:282,9
DA:284,3
LF:108
LH:108
BRDA:19,1,0,20
BRDA:19,1,1,61
BRDA:54,2,0,2
BRDA:54,2,1,56
BRDA:54,3,0,58
BRDA:54,3,1,33
BRDA:71,4,0,28
BRDA:71,4,1,28
BRDA:71,5,0,56
BRDA:71,5,1,56
BRDA:103,6,0,20
BRDA:103,6,1,19
BRDA:103,7,0,39
BRDA:103,7,1,39
BRDA:136,8,0,1
BRDA:136,8,1,1
BRDA:141,9,0,1
BRDA:141,9,1,0
BRDA:162,10,0,46
BRDA:162,10,1,11
BRDA:163,11,0,46
BRDA:163,11,1,16
BRDA:180,12,0,7
BRDA:180,12,1,39
BRDA:186,13,0,5
BRDA:186,13,1,34
BRF:26
BRH:25
end_of_record
TN:
SF:D:\code\github\sojs\src\sojs\loader.js
FN:13,(anonymous_1)
FN:25,(anonymous_2)
FN:36,(anonymous_3)
FN:52,(anonymous_4)
FN:70,(anonymous_5)
FN:75,(anonymous_6)
FN:85,(anonymous_7)
FN:95,(anonymous_8)
FN:106,(anonymous_9)
FNF:9
FNH:1
FNDA:1,(anonymous_1)
FNDA:0,(anonymous_2)
FNDA:0,(anonymous_3)
FNDA:0,(anonymous_4)
FNDA:0,(anonymous_5)
FNDA:0,(anonymous_6)
FNDA:0,(anonymous_7)
FNDA:0,(anonymous_8)
FNDA:0,(anonymous_9)
DA:7,1
DA:14,1
DA:26,0
DA:27,0
DA:28,0
DA:30,0
DA:32,0
DA:33,0
DA:36,0
DA:40,0
DA:41,0
DA:42,0
DA:44,0
DA:47,0
DA:48,0
DA:49,0
DA:51,0
DA:52,0
DA:53,0
DA:54,0
DA:55,0
DA:56,0
DA:59,0
DA:60,0
DA:61,0
DA:72,0
DA:74,0
DA:75,0
DA:76,0
DA:81,0
DA:82,0
DA:84,0
DA:85,0
DA:86,0
DA:91,0
DA:94,0
DA:95,0
DA:96,0
DA:98,0
DA:102,0
DA:105,0
DA:106,0
DA:107,0
DA:109,0
DA:112,0
LF:45
LH:2
BRDA:26,1,0,0
BRDA:26,1,1,0
BRDA:30,2,0,0
BRDA:30,2,1,0
BRDA:32,3,0,0
BRDA:32,3,1,0
BRDA:36,4,0,0
BRDA:36,4,1,0
BRDA:40,5,0,0
BRDA:40,5,1,0
BRDA:41,6,0,0
BRDA:41,6,1,0
BRDA:53,7,0,0
BRDA:53,7,1,0
BRDA:74,8,0,0
BRDA:74,8,1,0
BRDA:84,9,0,0
BRDA:84,9,1,0
BRDA:94,10,0,0
BRDA:94,10,1,0
BRF:20
BRH:0
end_of_record
